INFO 2024-10-23 23:38:53,446 autoreload 3304 6480 Watching for file changes with StatReloader
INFO 2024-10-23 23:38:56,291 logging_system 3304 7824 Action logged: VIEW by anwarnawrozi2002@gmail.com
ERROR 2024-10-23 23:38:56,315 logging_system 3304 7824 WARNING: Exception - HTTP 404
NoneType: None

WARNING 2024-10-23 23:38:57,381 log 3304 7824 Not Found: /
WARNING 2024-10-23 23:38:57,383 basehttp 3304 7824 "GET / HTTP/1.1" 404 2493
INFO 2024-10-23 23:38:57,855 logging_system 3304 7824 Action logged: VIEW by anwarnawrozi2002@gmail.com
ERROR 2024-10-23 23:38:57,870 logging_system 3304 7824 WARNING: Exception - HTTP 404
NoneType: None

WARNING 2024-10-23 23:38:58,825 log 3304 7824 Not Found: /favicon.ico
WARNING 2024-10-23 23:38:58,825 basehttp 3304 7824 "GET /favicon.ico HTTP/1.1" 404 2544
INFO 2024-10-23 23:39:00,357 logging_system 3304 7824 Action logged: VIEW by anwarnawrozi2002@gmail.com
ERROR 2024-10-23 23:39:00,375 logging_system 3304 7824 WARNING: Exception - HTTP 404
NoneType: None

WARNING 2024-10-23 23:39:01,313 log 3304 7824 Not Found: /admin/auth/user/
WARNING 2024-10-23 23:39:01,326 basehttp 3304 7824 "GET /admin/auth/user/ HTTP/1.1" 404 4649
INFO 2024-10-23 23:39:01,818 logging_system 3304 7824 Action logged: VIEW by anwarnawrozi2002@gmail.com
ERROR 2024-10-23 23:39:01,831 logging_system 3304 7824 WARNING: Exception - HTTP 404
NoneType: None

WARNING 2024-10-23 23:39:02,739 log 3304 7824 Not Found: /admin/auth/user/
WARNING 2024-10-23 23:39:02,740 basehttp 3304 7824 "GET /admin/auth/user/ HTTP/1.1" 404 4649
INFO 2024-10-23 23:39:08,991 logging_system 3304 7824 Action logged: VIEW by anwarnawrozi2002@gmail.com
INFO 2024-10-23 23:39:09,030 basehttp 3304 7824 "GET /admin/ HTTP/1.1" 200 5888
INFO 2024-10-23 23:39:09,326 basehttp 3304 18620 "GET /static/admin/css/dark_mode.css HTTP/1.1" 200 2804
INFO 2024-10-23 23:39:09,329 basehttp 3304 7824 "GET /static/admin/css/base.css HTTP/1.1" 200 22092
INFO 2024-10-23 23:39:09,332 basehttp 3304 19020 "GET /static/admin/css/dashboard.css HTTP/1.1" 200 441
INFO 2024-10-23 23:39:09,333 basehttp 3304 18780 "GET /static/admin/css/nav_sidebar.css HTTP/1.1" 200 2810
INFO 2024-10-23 23:39:09,333 basehttp 3304 12720 "GET /static/admin/css/responsive.css HTTP/1.1" 200 17972
INFO 2024-10-23 23:39:09,335 basehttp 3304 6024 "GET /static/admin/js/theme.js HTTP/1.1" 200 1653
INFO 2024-10-23 23:39:09,344 basehttp 3304 6024 "GET /static/admin/js/nav_sidebar.js HTTP/1.1" 200 3063
INFO 2024-10-23 23:39:09,356 basehttp 3304 6024 "GET /static/admin/img/icon-viewlink.svg HTTP/1.1" 200 581
INFO 2024-10-23 23:39:09,356 basehttp 3304 18780 "GET /static/admin/img/icon-addlink.svg HTTP/1.1" 200 331
INFO 2024-10-23 23:39:13,902 logging_system 3304 18780 Action logged: VIEW by anwarnawrozi2002@gmail.com
ERROR 2024-10-23 23:39:13,915 logging_system 3304 18780 WARNING: Exception - HTTP 404
NoneType: None

WARNING 2024-10-23 23:39:14,841 log 3304 18780 Not Found: /admin/logs/
WARNING 2024-10-23 23:39:14,841 basehttp 3304 18780 "GET /admin/logs/ HTTP/1.1" 404 4634
INFO 2024-10-23 23:39:26,708 logging_system 3304 18780 Action logged: VIEW by anwarnawrozi2002@gmail.com
INFO 2024-10-23 23:39:26,715 basehttp 3304 18780 "GET /admin/ HTTP/1.1" 200 5888
INFO 2024-10-23 23:39:37,515 logging_system 3304 18780 Action logged: VIEW by anwarnawrozi2002@gmail.com
INFO 2024-10-23 23:39:37,521 basehttp 3304 18780 "GET /admin/ HTTP/1.1" 200 5888
INFO 2024-10-23 23:39:51,872 logging_system 3304 18780 Action logged: VIEW by anwarnawrozi2002@gmail.com
ERROR 2024-10-23 23:39:51,885 logging_system 3304 18780 WARNING: Exception - HTTP 404
NoneType: None

WARNING 2024-10-23 23:39:52,837 log 3304 18780 Not Found: /admin/logs/
WARNING 2024-10-23 23:39:52,838 basehttp 3304 18780 "GET /admin/logs/ HTTP/1.1" 404 4634
INFO 2024-10-23 23:39:54,872 logging_system 3304 18780 Action logged: VIEW by anwarnawrozi2002@gmail.com
INFO 2024-10-23 23:39:54,877 basehttp 3304 18780 "GET /admin/ HTTP/1.1" 200 5888
INFO 2024-10-23 23:40:01,972 logging_system 3304 18780 Action logged: VIEW by anwarnawrozi2002@gmail.com
ERROR 2024-10-23 23:40:01,990 logging_system 3304 18780 WARNING: Exception - HTTP 404
NoneType: None

WARNING 2024-10-23 23:40:02,930 log 3304 18780 Not Found: /admin/logs/
WARNING 2024-10-23 23:40:02,931 basehttp 3304 18780 "GET /admin/logs/ HTTP/1.1" 404 4634
INFO 2024-10-23 23:40:04,731 logging_system 3304 18780 Action logged: VIEW by anwarnawrozi2002@gmail.com
INFO 2024-10-23 23:40:04,738 basehttp 3304 18780 "GET /admin/ HTTP/1.1" 200 5888
INFO 2024-10-23 23:41:53,613 autoreload 3304 6480 C:\Users\Anwar\OneDrive\Desktop\booking\Backend\clinic_booking\booking\admin.py changed, reloading.
INFO 2024-10-23 23:41:54,339 autoreload 9544 18604 Watching for file changes with StatReloader
INFO 2024-10-23 23:42:11,386 logging_system 9544 7592 Action logged: VIEW by anwarnawrozi2002@gmail.com
INFO 2024-10-23 23:42:11,472 basehttp 9544 7592 "GET /admin/ HTTP/1.1" 200 14688
INFO 2024-10-23 23:42:11,614 basehttp 9544 7592 "GET /static/admin/css/base.css HTTP/1.1" 200 22092
INFO 2024-10-23 23:42:11,617 basehttp 9544 7592 "GET /static/admin/css/dark_mode.css HTTP/1.1" 200 2804
INFO 2024-10-23 23:42:11,621 basehttp 9544 7592 "GET /static/admin/css/nav_sidebar.css HTTP/1.1" 200 2810
INFO 2024-10-23 23:42:11,624 basehttp 9544 7592 "GET /static/admin/css/dashboard.css HTTP/1.1" 200 441
INFO 2024-10-23 23:42:11,627 basehttp 9544 7592 "GET /static/admin/css/responsive.css HTTP/1.1" 200 17972
INFO 2024-10-23 23:42:11,631 basehttp 9544 7592 "GET /static/admin/js/theme.js HTTP/1.1" 200 1653
INFO 2024-10-23 23:42:11,637 basehttp 9544 7592 "GET /static/admin/js/nav_sidebar.js HTTP/1.1" 200 3063
INFO 2024-10-23 23:42:11,650 basehttp 9544 7592 "GET /static/admin/img/icon-addlink.svg HTTP/1.1" 200 331
INFO 2024-10-23 23:42:11,656 basehttp 9544 7592 "GET /static/admin/img/icon-changelink.svg HTTP/1.1" 200 380
INFO 2024-10-23 23:42:11,661 basehttp 9544 7592 "GET /static/admin/img/icon-viewlink.svg HTTP/1.1" 200 581
INFO 2024-10-23 23:42:12,025 logging_system 9544 7592 Action logged: VIEW by anwarnawrozi2002@gmail.com
ERROR 2024-10-23 23:42:12,040 logging_system 9544 7592 WARNING: Exception - HTTP 404
NoneType: None

WARNING 2024-10-23 23:42:12,967 log 9544 7592 Not Found: /favicon.ico
WARNING 2024-10-23 23:42:12,968 basehttp 9544 7592 "GET /favicon.ico HTTP/1.1" 404 2544
INFO 2024-10-23 23:42:23,990 logging_system 9544 7592 Action logged: VIEW by anwarnawrozi2002@gmail.com
INFO 2024-10-23 23:42:24,023 basehttp 9544 7592 "GET /admin/booking/dailyanalytics/ HTTP/1.1" 200 14297
INFO 2024-10-23 23:42:24,066 basehttp 9544 7592 "GET /static/admin/css/changelists.css HTTP/1.1" 200 6878
INFO 2024-10-23 23:42:24,067 basehttp 9544 10304 "GET /static/admin/js/jquery.init.js HTTP/1.1" 200 347
INFO 2024-10-23 23:42:24,070 basehttp 9544 21328 "GET /static/admin/js/core.js HTTP/1.1" 200 6208
INFO 2024-10-23 23:42:24,071 basehttp 9544 20244 "GET /static/admin/js/admin/RelatedObjectLookups.js HTTP/1.1" 200 9097
INFO 2024-10-23 23:42:24,080 basehttp 9544 10304 "GET /static/admin/js/urlify.js HTTP/1.1" 200 7887
INFO 2024-10-23 23:42:24,080 basehttp 9544 7592 "GET /static/admin/js/actions.js HTTP/1.1" 200 8076
INFO 2024-10-23 23:42:24,083 logging_system 9544 22608 Action logged: VIEW by anwarnawrozi2002@gmail.com
INFO 2024-10-23 23:42:24,083 basehttp 9544 21328 "GET /static/admin/js/prepopulate.js HTTP/1.1" 200 1531
INFO 2024-10-23 23:42:24,091 basehttp 9544 22608 "GET /admin/jsi18n/ HTTP/1.1" 200 3342
INFO 2024-10-23 23:42:24,094 basehttp 9544 22256 "GET /static/admin/js/vendor/jquery/jquery.js HTTP/1.1" 200 285314
INFO 2024-10-23 23:42:24,096 basehttp 9544 21328 "GET /static/admin/img/search.svg HTTP/1.1" 200 458
INFO 2024-10-23 23:42:24,100 basehttp 9544 20244 "GET /static/admin/js/vendor/xregexp/xregexp.js HTTP/1.1" 200 325171
INFO 2024-10-23 23:42:24,133 basehttp 9544 21328 "GET /static/admin/js/filters.js HTTP/1.1" 200 978
INFO 2024-10-23 23:42:24,144 basehttp 9544 21328 "GET /static/admin/img/tooltag-add.svg HTTP/1.1" 200 331
INFO 2024-10-23 23:42:32,192 logging_system 9544 21328 Action logged: VIEW by anwarnawrozi2002@gmail.com
INFO 2024-10-23 23:42:32,239 basehttp 9544 21328 "GET /admin/booking/auditlog/ HTTP/1.1" 200 26131
INFO 2024-10-23 23:42:32,270 logging_system 9544 21328 Action logged: VIEW by anwarnawrozi2002@gmail.com
INFO 2024-10-23 23:42:32,272 basehttp 9544 21328 "GET /admin/jsi18n/ HTTP/1.1" 200 3342
INFO 2024-10-23 23:42:32,311 basehttp 9544 21328 "GET /static/admin/img/sorting-icons.svg HTTP/1.1" 200 1097
INFO 2024-10-23 23:42:41,929 logging_system 9544 21328 Action logged: VIEW by anwarnawrozi2002@gmail.com
INFO 2024-10-23 23:42:41,944 basehttp 9544 21328 "GET /admin/booking/historicalpattern/ HTTP/1.1" 200 14320
INFO 2024-10-23 23:42:41,979 logging_system 9544 21328 Action logged: VIEW by anwarnawrozi2002@gmail.com
INFO 2024-10-23 23:42:41,981 basehttp 9544 21328 "GET /admin/jsi18n/ HTTP/1.1" 200 3342
INFO 2024-10-23 23:42:45,221 logging_system 9544 21328 Action logged: VIEW by anwarnawrozi2002@gmail.com
INFO 2024-10-23 23:42:45,238 basehttp 9544 21328 "GET /admin/booking/customer/ HTTP/1.1" 200 14302
INFO 2024-10-23 23:42:45,278 logging_system 9544 21328 Action logged: VIEW by anwarnawrozi2002@gmail.com
INFO 2024-10-23 23:42:45,280 basehttp 9544 21328 "GET /admin/jsi18n/ HTTP/1.1" 200 3342
INFO 2024-10-23 23:42:47,419 logging_system 9544 21328 Action logged: VIEW by anwarnawrozi2002@gmail.com
INFO 2024-10-23 23:42:47,462 basehttp 9544 21328 "GET /admin/booking/auditlog/ HTTP/1.1" 200 29416
INFO 2024-10-23 23:42:47,501 logging_system 9544 21328 Action logged: VIEW by anwarnawrozi2002@gmail.com
INFO 2024-10-23 23:42:47,504 basehttp 9544 21328 "GET /admin/jsi18n/ HTTP/1.1" 200 3342
INFO 2024-10-23 23:42:57,116 logging_system 9544 21328 Action logged: VIEW by anwarnawrozi2002@gmail.com
INFO 2024-10-23 23:42:57,129 basehttp 9544 21328 "GET /admin/booking/remindersettings/ HTTP/1.1" 200 14234
INFO 2024-10-23 23:42:57,168 logging_system 9544 21328 Action logged: VIEW by anwarnawrozi2002@gmail.com
INFO 2024-10-23 23:42:57,171 basehttp 9544 21328 "GET /admin/jsi18n/ HTTP/1.1" 200 3342
INFO 2024-10-23 23:42:59,975 logging_system 9544 21328 Action logged: VIEW by anwarnawrozi2002@gmail.com
INFO 2024-10-23 23:43:00,008 basehttp 9544 21328 "GET /admin/booking/remindersettings/add/ HTTP/1.1" 200 17537
INFO 2024-10-23 23:43:00,036 basehttp 9544 20244 "GET /static/admin/js/prepopulate_init.js HTTP/1.1" 200 586
INFO 2024-10-23 23:43:00,040 basehttp 9544 21328 "GET /static/admin/css/forms.css HTTP/1.1" 200 8794
INFO 2024-10-23 23:43:00,048 logging_system 9544 22608 Action logged: VIEW by anwarnawrozi2002@gmail.com
INFO 2024-10-23 23:43:00,051 basehttp 9544 22608 "GET /admin/jsi18n/ HTTP/1.1" 200 3342
INFO 2024-10-23 23:43:00,074 basehttp 9544 22608 "GET /static/admin/css/widgets.css HTTP/1.1" 200 11564
INFO 2024-10-23 23:43:00,086 basehttp 9544 22608 "GET /static/admin/js/change_form.js HTTP/1.1" 200 606
INFO 2024-10-23 23:43:06,084 logging_system 9544 22608 Action logged: VIEW by anwarnawrozi2002@gmail.com
INFO 2024-10-23 23:43:06,097 basehttp 9544 22608 "GET /admin/booking/customerpreference/ HTTP/1.1" 200 14407
INFO 2024-10-23 23:43:06,135 logging_system 9544 22608 Action logged: VIEW by anwarnawrozi2002@gmail.com
INFO 2024-10-23 23:43:06,138 basehttp 9544 22608 "GET /admin/jsi18n/ HTTP/1.1" 200 3342
INFO 2024-10-23 23:43:07,824 logging_system 9544 22608 Action logged: VIEW by anwarnawrozi2002@gmail.com
INFO 2024-10-23 23:43:07,846 basehttp 9544 22608 "GET /admin/booking/customerpreference/add/ HTTP/1.1" 200 18697
INFO 2024-10-23 23:43:07,876 basehttp 9544 21328 "GET /static/admin/js/calendar.js HTTP/1.1" 200 9141
INFO 2024-10-23 23:43:07,881 basehttp 9544 20244 "GET /static/admin/js/admin/DateTimeShortcuts.js HTTP/1.1" 200 19319
INFO 2024-10-23 23:43:07,888 logging_system 9544 22608 Action logged: VIEW by anwarnawrozi2002@gmail.com
INFO 2024-10-23 23:43:07,891 basehttp 9544 22608 "GET /admin/jsi18n/ HTTP/1.1" 200 3342
INFO 2024-10-23 23:43:07,915 basehttp 9544 22608 "GET /static/admin/img/icon-deletelink.svg HTTP/1.1" 200 392
INFO 2024-10-23 23:43:07,982 basehttp 9544 22608 "GET /static/admin/img/icon-clock.svg HTTP/1.1" 200 677
INFO 2024-10-23 23:43:12,348 logging_system 9544 22608 Action logged: VIEW by anwarnawrozi2002@gmail.com
INFO 2024-10-23 23:43:12,365 basehttp 9544 22608 "GET /admin/booking/business/ HTTP/1.1" 200 16717
INFO 2024-10-23 23:43:12,400 logging_system 9544 22608 Action logged: VIEW by anwarnawrozi2002@gmail.com
INFO 2024-10-23 23:43:12,401 basehttp 9544 22608 "GET /admin/jsi18n/ HTTP/1.1" 200 3342
INFO 2024-10-23 23:43:15,266 logging_system 9544 22608 Action logged: VIEW by anwarnawrozi2002@gmail.com
INFO 2024-10-23 23:43:15,283 basehttp 9544 22608 "GET /admin/booking/appointment/ HTTP/1.1" 200 14964
INFO 2024-10-23 23:43:15,318 logging_system 9544 22608 Action logged: VIEW by anwarnawrozi2002@gmail.com
INFO 2024-10-23 23:43:15,320 basehttp 9544 22608 "GET /admin/jsi18n/ HTTP/1.1" 200 3342
INFO 2024-10-23 23:43:17,047 logging_system 9544 22608 Action logged: VIEW by anwarnawrozi2002@gmail.com
INFO 2024-10-23 23:43:17,078 basehttp 9544 22608 "GET /admin/booking/appointment/add/ HTTP/1.1" 200 28691
INFO 2024-10-23 23:43:17,114 logging_system 9544 22608 Action logged: VIEW by anwarnawrozi2002@gmail.com
INFO 2024-10-23 23:43:17,118 basehttp 9544 22608 "GET /admin/jsi18n/ HTTP/1.1" 200 3342
INFO 2024-10-23 23:43:17,218 basehttp 9544 22608 "GET /static/admin/img/icon-calendar.svg HTTP/1.1" 200 1086
INFO 2024-10-23 23:43:36,639 logging_system 9544 22608 Action logged: VIEW by anwarnawrozi2002@gmail.com
INFO 2024-10-23 23:43:36,662 basehttp 9544 22608 "GET /admin/booking/errorlog/ HTTP/1.1" 200 21350
INFO 2024-10-23 23:43:36,696 logging_system 9544 22608 Action logged: VIEW by anwarnawrozi2002@gmail.com
INFO 2024-10-23 23:43:36,698 basehttp 9544 22608 "GET /admin/jsi18n/ HTTP/1.1" 200 3342
INFO 2024-10-23 23:43:40,948 logging_system 9544 22608 Action logged: VIEW by anwarnawrozi2002@gmail.com
INFO 2024-10-23 23:43:40,999 basehttp 9544 22608 "GET /admin/booking/auditlog/ HTTP/1.1" 200 39298
INFO 2024-10-23 23:43:41,032 logging_system 9544 22608 Action logged: VIEW by anwarnawrozi2002@gmail.com
INFO 2024-10-23 23:43:41,035 basehttp 9544 22608 "GET /admin/jsi18n/ HTTP/1.1" 200 3342
INFO 2024-10-23 23:43:54,446 logging_system 9544 22608 Action logged: VIEW by anwarnawrozi2002@gmail.com
INFO 2024-10-23 23:43:54,502 basehttp 9544 22608 "GET /admin/booking/auditlog/?timestamp__day=23&timestamp__month=10&timestamp__year=2024 HTTP/1.1" 200 45466
INFO 2024-10-23 23:43:54,540 logging_system 9544 22608 Action logged: VIEW by anwarnawrozi2002@gmail.com
INFO 2024-10-23 23:43:54,542 basehttp 9544 22608 "GET /admin/jsi18n/ HTTP/1.1" 200 3342
INFO 2024-10-23 23:43:55,982 logging_system 9544 22608 Action logged: VIEW by anwarnawrozi2002@gmail.com
INFO 2024-10-23 23:43:56,047 basehttp 9544 22608 "GET /admin/booking/auditlog/?timestamp__month=10&timestamp__year=2024 HTTP/1.1" 200 45384
INFO 2024-10-23 23:43:56,083 logging_system 9544 22608 Action logged: VIEW by anwarnawrozi2002@gmail.com
INFO 2024-10-23 23:43:56,084 basehttp 9544 22608 "GET /admin/jsi18n/ HTTP/1.1" 200 3342
INFO 2024-10-23 23:43:57,467 logging_system 9544 22608 Action logged: VIEW by anwarnawrozi2002@gmail.com
INFO 2024-10-23 23:43:57,535 basehttp 9544 22608 "GET /admin/booking/auditlog/?timestamp__day=23&timestamp__month=10&timestamp__year=2024 HTTP/1.1" 200 48006
INFO 2024-10-23 23:43:57,572 logging_system 9544 22608 Action logged: VIEW by anwarnawrozi2002@gmail.com
INFO 2024-10-23 23:43:57,575 basehttp 9544 22608 "GET /admin/jsi18n/ HTTP/1.1" 200 3342
INFO 2024-10-23 23:49:29,181 logging_system 9544 20348 Action logged: VIEW by anwarnawrozi2002@gmail.com
INFO 2024-10-23 23:49:29,205 basehttp 9544 20348 "GET /admin/booking/errorlog/ HTTP/1.1" 200 21350
INFO 2024-10-23 23:49:29,256 logging_system 9544 20348 Action logged: VIEW by anwarnawrozi2002@gmail.com
INFO 2024-10-23 23:49:29,259 basehttp 9544 20348 "GET /admin/jsi18n/ HTTP/1.1" 200 3342
INFO 2024-10-24 18:48:24,496 logging_system 9544 25360 Action logged: VIEW by anwarnawrozi2002@gmail.com
INFO 2024-10-24 18:48:24,605 basehttp 9544 25360 "GET /admin/booking/errorlog/ HTTP/1.1" 200 21350
INFO 2024-10-24 18:48:24,690 logging_system 9544 25360 Action logged: VIEW by anwarnawrozi2002@gmail.com
INFO 2024-10-24 18:48:24,779 basehttp 9544 25360 "GET /admin/jsi18n/ HTTP/1.1" 200 3342
INFO 2024-10-24 18:48:32,740 logging_system 9544 25472 Action logged: VIEW by anwarnawrozi2002@gmail.com
INFO 2024-10-24 18:48:32,790 basehttp 9544 25472 "GET /admin/booking/errorlog/1/change/ HTTP/1.1" 200 17876
INFO 2024-10-24 18:48:32,830 basehttp 9544 25472 "GET /static/admin/css/forms.css HTTP/1.1" 200 8794
INFO 2024-10-24 18:48:32,854 logging_system 9544 25472 Action logged: VIEW by anwarnawrozi2002@gmail.com
INFO 2024-10-24 18:48:32,854 basehttp 9544 25472 "GET /admin/jsi18n/ HTTP/1.1" 200 3342
INFO 2024-10-24 18:48:32,878 basehttp 9544 25472 "GET /static/admin/css/widgets.css HTTP/1.1" 200 11564
INFO 2024-10-24 18:48:32,894 basehttp 9544 25472 "GET /static/admin/js/prepopulate_init.js HTTP/1.1" 200 586
INFO 2024-10-24 18:48:32,911 basehttp 9544 25472 "GET /static/admin/js/change_form.js HTTP/1.1" 200 606
INFO 2024-10-24 18:48:53,604 logging_system 9544 11232 Action logged: VIEW by anwarnawrozi2002@gmail.com
INFO 2024-10-24 18:48:53,726 basehttp 9544 11232 - Broken pipe from ('127.0.0.1', 62750)
INFO 2024-10-24 18:48:53,742 logging_system 9544 22052 Action logged: VIEW by anwarnawrozi2002@gmail.com
INFO 2024-10-24 18:48:53,836 basehttp 9544 22052 "GET /admin/booking/errorlog/ HTTP/1.1" 200 21350
INFO 2024-10-24 18:48:53,908 logging_system 9544 22052 Action logged: VIEW by anwarnawrozi2002@gmail.com
INFO 2024-10-24 18:48:53,910 basehttp 9544 22052 "GET /admin/jsi18n/ HTTP/1.1" 200 3342
INFO 2024-10-24 18:49:00,462 logging_system 9544 22052 Action logged: VIEW by anwarnawrozi2002@gmail.com
INFO 2024-10-24 18:49:00,476 basehttp 9544 22052 "GET /admin/authtoken/tokenproxy/ HTTP/1.1" 200 14369
INFO 2024-10-24 18:49:00,552 basehttp 9544 22052 "GET /static/admin/img/tooltag-add.svg HTTP/1.1" 200 331
INFO 2024-10-24 20:42:31,381 autoreload 9416 8096 Watching for file changes with StatReloader
INFO 2024-10-24 20:42:34,776 logging_system 9416 17984 Action logged: VIEW by anwarnawrozi2002@gmail.com
ERROR 2024-10-24 20:42:34,884 logging_system 9416 17984 WARNING: Exception - HTTP 404
NoneType: None

WARNING 2024-10-24 20:42:40,037 log 9416 17984 Not Found: /
WARNING 2024-10-24 20:42:40,037 basehttp 9416 17984 "GET / HTTP/1.1" 404 2493
INFO 2024-10-24 20:42:40,400 logging_system 9416 17984 Action logged: VIEW by anwarnawrozi2002@gmail.com
ERROR 2024-10-24 20:42:40,415 logging_system 9416 17984 WARNING: Exception - HTTP 404
NoneType: None

WARNING 2024-10-24 20:42:42,087 log 9416 17984 Not Found: /favicon.ico
WARNING 2024-10-24 20:42:42,087 basehttp 9416 17984 "GET /favicon.ico HTTP/1.1" 404 2544
INFO 2024-10-24 20:42:46,471 logging_system 9416 17984 Action logged: VIEW by anwarnawrozi2002@gmail.com
ERROR 2024-10-24 20:42:46,545 logging_system 9416 17984 ERROR: Http404 - 
Traceback (most recent call last):
  File "C:\Users\Anwar\OneDrive\Desktop\booking\Backend\env\Lib\site-packages\django\core\handlers\base.py", line 197, in _get_response
    response = wrapped_callback(request, *callback_args, **callback_kwargs)
               ^^^^^^^^^^^^^^^^^^^^^^^^^^^^^^^^^^^^^^^^^^^^^^^^^^^^^^^^^^^^
  File "C:\Users\Anwar\OneDrive\Desktop\booking\Backend\env\Lib\site-packages\django\contrib\admin\sites.py", line 260, in wrapper
    return self.admin_view(view, cacheable)(*args, **kwargs)
           ^^^^^^^^^^^^^^^^^^^^^^^^^^^^^^^^^^^^^^^^^^^^^^^^^
  File "C:\Users\Anwar\OneDrive\Desktop\booking\Backend\env\Lib\site-packages\django\utils\decorators.py", line 188, in _view_wrapper
    result = _process_exception(request, e)
             ^^^^^^^^^^^^^^^^^^^^^^^^^^^^^^
  File "C:\Users\Anwar\OneDrive\Desktop\booking\Backend\env\Lib\site-packages\django\utils\decorators.py", line 186, in _view_wrapper
    response = view_func(request, *args, **kwargs)
               ^^^^^^^^^^^^^^^^^^^^^^^^^^^^^^^^^^^
  File "C:\Users\Anwar\OneDrive\Desktop\booking\Backend\env\Lib\site-packages\django\views\decorators\cache.py", line 80, in _view_wrapper
    response = view_func(request, *args, **kwargs)
               ^^^^^^^^^^^^^^^^^^^^^^^^^^^^^^^^^^^
  File "C:\Users\Anwar\OneDrive\Desktop\booking\Backend\env\Lib\site-packages\django\contrib\admin\sites.py", line 241, in inner
    return view(request, *args, **kwargs)
           ^^^^^^^^^^^^^^^^^^^^^^^^^^^^^^
  File "C:\Users\Anwar\OneDrive\Desktop\booking\Backend\env\Lib\site-packages\django\views\decorators\common.py", line 23, in _view_wrapper
    return view_func(request, *args, **kwargs)
           ^^^^^^^^^^^^^^^^^^^^^^^^^^^^^^^^^^^
  File "C:\Users\Anwar\OneDrive\Desktop\booking\Backend\env\Lib\site-packages\django\contrib\admin\sites.py", line 462, in catch_all_view
    raise Http404
django.http.response.Http404

INFO 2024-10-24 20:42:48,912 logging_system 9416 8736 Action logged: VIEW by anwarnawrozi2002@gmail.com
INFO 2024-10-24 20:42:49,036 basehttp 9416 8736 "GET /admin/ HTTP/1.1" 200 15380
INFO 2024-10-24 20:42:49,300 basehttp 9416 8736 "GET /static/admin/css/base.css HTTP/1.1" 200 22092
INFO 2024-10-24 20:42:49,300 basehttp 9416 18672 "GET /static/admin/css/dashboard.css HTTP/1.1" 200 441
INFO 2024-10-24 20:42:49,300 basehttp 9416 15524 "GET /static/admin/css/dark_mode.css HTTP/1.1" 200 2804
INFO 2024-10-24 20:42:49,300 basehttp 9416 13168 "GET /static/admin/css/nav_sidebar.css HTTP/1.1" 200 2810
INFO 2024-10-24 20:42:49,300 basehttp 9416 5640 "GET /static/admin/css/responsive.css HTTP/1.1" 200 17972
INFO 2024-10-24 20:42:49,316 basehttp 9416 10160 "GET /static/admin/js/theme.js HTTP/1.1" 200 1653
INFO 2024-10-24 20:42:49,333 basehttp 9416 5640 "GET /static/admin/js/nav_sidebar.js HTTP/1.1" 200 3063
INFO 2024-10-24 20:42:49,351 basehttp 9416 5640 "GET /static/admin/img/icon-addlink.svg HTTP/1.1" 200 331
INFO 2024-10-24 20:42:49,351 basehttp 9416 10160 "GET /static/admin/img/icon-changelink.svg HTTP/1.1" 200 380
INFO 2024-10-24 20:42:49,351 basehttp 9416 13168 "GET /static/admin/img/icon-viewlink.svg HTTP/1.1" 200 581
INFO 2024-10-24 20:42:53,904 logging_system 9416 13168 Action logged: VIEW by anwarnawrozi2002@gmail.com
INFO 2024-10-24 20:42:53,972 basehttp 9416 13168 "GET /admin/booking/appointmentservice/ HTTP/1.1" 200 13533
INFO 2024-10-24 20:42:54,013 basehttp 9416 13168 "GET /static/admin/css/changelists.css HTTP/1.1" 200 6878
INFO 2024-10-24 20:42:54,015 logging_system 9416 10160 Action logged: VIEW by anwarnawrozi2002@gmail.com
INFO 2024-10-24 20:42:54,021 basehttp 9416 15524 "GET /static/admin/js/jquery.init.js HTTP/1.1" 200 347
INFO 2024-10-24 20:42:54,061 basehttp 9416 8736 "GET /static/admin/js/admin/RelatedObjectLookups.js HTTP/1.1" 200 9097
INFO 2024-10-24 20:42:54,063 basehttp 9416 15524 "GET /static/admin/js/urlify.js HTTP/1.1" 200 7887
INFO 2024-10-24 20:42:54,067 basehttp 9416 18672 "GET /static/admin/js/core.js HTTP/1.1" 200 6208
INFO 2024-10-24 20:42:54,072 basehttp 9416 10160 "GET /admin/jsi18n/ HTTP/1.1" 200 3342
INFO 2024-10-24 20:42:54,073 basehttp 9416 13168 "GET /static/admin/js/actions.js HTTP/1.1" 200 8076
INFO 2024-10-24 20:42:54,087 basehttp 9416 8736 "GET /static/admin/js/prepopulate.js HTTP/1.1" 200 1531
INFO 2024-10-24 20:42:54,123 basehttp 9416 5640 "GET /static/admin/js/vendor/jquery/jquery.js HTTP/1.1" 200 285314
INFO 2024-10-24 20:42:54,144 basehttp 9416 5640 "GET /static/admin/js/filters.js HTTP/1.1" 200 978
INFO 2024-10-24 20:42:54,194 basehttp 9416 15524 "GET /static/admin/js/vendor/xregexp/xregexp.js HTTP/1.1" 200 325171
INFO 2024-10-24 20:42:54,228 basehttp 9416 15524 "GET /static/admin/img/tooltag-add.svg HTTP/1.1" 200 331
ERROR 2024-10-24 20:42:55,044 logging_system 9416 17984 WARNING: Exception - HTTP 404
NoneType: None

INFO 2024-10-24 20:42:55,906 logging_system 9416 15524 Action logged: VIEW by anwarnawrozi2002@gmail.com
INFO 2024-10-24 20:42:56,022 basehttp 9416 15524 "GET /admin/booking/appointmentservice/add/ HTTP/1.1" 200 21386
INFO 2024-10-24 20:42:56,054 basehttp 9416 15524 "GET /static/admin/css/forms.css HTTP/1.1" 200 8794
INFO 2024-10-24 20:42:56,056 logging_system 9416 5640 Action logged: VIEW by anwarnawrozi2002@gmail.com
INFO 2024-10-24 20:42:56,058 basehttp 9416 5640 "GET /admin/jsi18n/ HTTP/1.1" 200 3342
INFO 2024-10-24 20:42:56,074 basehttp 9416 10160 "GET /static/admin/js/admin/DateTimeShortcuts.js HTTP/1.1" 200 19319
INFO 2024-10-24 20:42:56,074 basehttp 9416 8736 "GET /static/admin/js/calendar.js HTTP/1.1" 200 9141
INFO 2024-10-24 20:42:56,081 basehttp 9416 5640 "GET /static/admin/js/prepopulate_init.js HTTP/1.1" 200 586
INFO 2024-10-24 20:42:56,092 basehttp 9416 15524 "GET /static/admin/css/widgets.css HTTP/1.1" 200 11564
INFO 2024-10-24 20:42:56,109 basehttp 9416 15524 "GET /static/admin/img/icon-deletelink.svg HTTP/1.1" 200 392
INFO 2024-10-24 20:42:56,119 basehttp 9416 5640 "GET /static/admin/js/change_form.js HTTP/1.1" 200 606
INFO 2024-10-24 20:42:56,198 basehttp 9416 5640 "GET /static/admin/img/icon-calendar.svg HTTP/1.1" 200 1086
INFO 2024-10-24 20:42:56,200 basehttp 9416 15524 "GET /static/admin/img/icon-clock.svg HTTP/1.1" 200 677
INFO 2024-10-24 20:43:07,708 logging_system 9416 15524 Action logged: VIEW by anwarnawrozi2002@gmail.com
INFO 2024-10-24 20:43:07,737 basehttp 9416 15524 "GET /admin/booking/historicalpattern/ HTTP/1.1" 200 14815
INFO 2024-10-24 20:43:07,774 logging_system 9416 15524 Action logged: VIEW by anwarnawrozi2002@gmail.com
INFO 2024-10-24 20:43:07,774 basehttp 9416 5640 "GET /static/admin/img/search.svg HTTP/1.1" 200 458
INFO 2024-10-24 20:43:07,776 basehttp 9416 15524 "GET /admin/jsi18n/ HTTP/1.1" 200 3342
INFO 2024-10-24 20:43:10,563 logging_system 9416 15524 Action logged: VIEW by anwarnawrozi2002@gmail.com
INFO 2024-10-24 20:43:10,577 basehttp 9416 15524 "GET /admin/booking/appointment/ HTTP/1.1" 200 15559
INFO 2024-10-24 20:43:10,616 logging_system 9416 15524 Action logged: VIEW by anwarnawrozi2002@gmail.com
INFO 2024-10-24 20:43:10,618 basehttp 9416 15524 "GET /admin/jsi18n/ HTTP/1.1" 200 3342
INFO 2024-10-24 20:43:12,543 logging_system 9416 15524 Action logged: VIEW by anwarnawrozi2002@gmail.com
INFO 2024-10-24 20:43:12,620 basehttp 9416 15524 "GET /admin/booking/appointment/add/ HTTP/1.1" 200 32629
INFO 2024-10-24 20:43:12,660 logging_system 9416 15524 Action logged: VIEW by anwarnawrozi2002@gmail.com
INFO 2024-10-24 20:43:12,662 basehttp 9416 15524 "GET /admin/jsi18n/ HTTP/1.1" 200 3342
INFO 2024-10-24 20:43:12,682 basehttp 9416 5640 "GET /static/admin/js/inlines.js HTTP/1.1" 200 15526
INFO 2024-10-24 20:43:12,745 basehttp 9416 5640 "GET /static/admin/img/inline-delete.svg HTTP/1.1" 200 560
WARNING 2024-10-24 20:43:17,228 log 9416 17984 Not Found: /admin/auth/user/
INFO 2024-10-24 20:43:17,232 basehttp 9416 17984 - Broken pipe from ('127.0.0.1', 50882)
INFO 2024-10-24 20:43:21,659 logging_system 9416 5640 Action logged: VIEW by anwarnawrozi2002@gmail.com
INFO 2024-10-24 20:43:21,670 basehttp 9416 5640 "GET /admin/booking/appointmentservice/ HTTP/1.1" 200 13533
INFO 2024-10-24 20:43:21,710 logging_system 9416 5640 Action logged: VIEW by anwarnawrozi2002@gmail.com
INFO 2024-10-24 20:43:21,712 basehttp 9416 5640 "GET /admin/jsi18n/ HTTP/1.1" 200 3342
INFO 2024-10-24 20:55:43,220 autoreload 9416 8096 C:\Users\Anwar\OneDrive\Desktop\booking\Backend\clinic_booking\booking\models.py changed, reloading.
INFO 2024-10-24 20:55:44,266 autoreload 10448 8316 Watching for file changes with StatReloader
INFO 2024-10-24 20:59:35,214 logging_system 10448 19024 Action logged: VIEW by anwarnawrozi2002@gmail.com
INFO 2024-10-24 20:59:35,279 basehttp 10448 19024 "GET /admin/authtoken/tokenproxy/ HTTP/1.1" 200 14864
INFO 2024-10-24 20:59:35,665 logging_system 10448 19024 Action logged: VIEW by anwarnawrozi2002@gmail.com
ERROR 2024-10-24 20:59:35,678 logging_system 10448 19024 WARNING: Exception - HTTP 404
NoneType: None

WARNING 2024-10-24 20:59:38,396 log 10448 19024 Not Found: /favicon.ico
WARNING 2024-10-24 20:59:38,396 basehttp 10448 19024 "GET /favicon.ico HTTP/1.1" 404 2544
INFO 2024-10-24 20:59:42,414 logging_system 10448 19024 Action logged: VIEW by anwarnawrozi2002@gmail.com
INFO 2024-10-24 20:59:42,433 basehttp 10448 19024 "GET /admin/booking/dailyanalytics/ HTTP/1.1" 200 14792
INFO 2024-10-24 20:59:42,478 logging_system 10448 19024 Action logged: VIEW by anwarnawrozi2002@gmail.com
INFO 2024-10-24 20:59:42,481 basehttp 10448 19024 "GET /admin/jsi18n/ HTTP/1.1" 200 3342
INFO 2024-10-24 20:59:44,358 logging_system 10448 19024 Action logged: VIEW by anwarnawrozi2002@gmail.com
INFO 2024-10-24 20:59:44,412 basehttp 10448 19024 "GET /admin/booking/dailyanalytics/add/ HTTP/1.1" 200 20676
INFO 2024-10-24 20:59:44,463 logging_system 10448 19024 Action logged: VIEW by anwarnawrozi2002@gmail.com
INFO 2024-10-24 20:59:44,463 basehttp 10448 19024 "GET /admin/jsi18n/ HTTP/1.1" 200 3342
INFO 2024-10-24 20:59:44,502 basehttp 10448 8148 "GET /static/admin/js/calendar.js HTTP/1.1" 200 9141
INFO 2024-10-24 20:59:44,513 basehttp 10448 19024 "GET /static/admin/js/admin/DateTimeShortcuts.js HTTP/1.1" 200 19319
INFO 2024-10-24 20:59:44,583 basehttp 10448 19024 "GET /static/admin/img/icon-calendar.svg HTTP/1.1" 200 1086
INFO 2024-10-24 20:59:48,342 logging_system 10448 19024 Action logged: VIEW by anwarnawrozi2002@gmail.com
INFO 2024-10-24 20:59:48,354 basehttp 10448 19024 "GET /admin/ HTTP/1.1" 200 15380
INFO 2024-10-24 20:59:48,385 basehttp 10448 19024 "GET /static/admin/css/dashboard.css HTTP/1.1" 200 441
INFO 2024-10-24 21:00:33,069 logging_system 10448 19024 Action logged: VIEW by anwarnawrozi2002@gmail.com
ERROR 2024-10-24 21:00:33,193 logging_system 10448 19024 WARNING: Exception - HTTP 401
NoneType: None

WARNING 2024-10-24 21:00:35,476 log 10448 19024 Unauthorized: /api/businesses/
WARNING 2024-10-24 21:00:35,476 basehttp 10448 19024 "GET /api/businesses/?format=api HTTP/1.1" 401 5218
INFO 2024-10-24 21:00:35,545 basehttp 10448 11172 "GET /static/rest_framework/css/prettify.css HTTP/1.1" 200 817
INFO 2024-10-24 21:00:35,547 basehttp 10448 8148 "GET /static/rest_framework/css/bootstrap-tweaks.css HTTP/1.1" 200 3426
INFO 2024-10-24 21:00:35,553 basehttp 10448 19024 "GET /static/rest_framework/css/bootstrap.min.css HTTP/1.1" 200 121457
INFO 2024-10-24 21:00:35,562 basehttp 10448 11172 "GET /static/rest_framework/css/default.css HTTP/1.1" 200 1152
INFO 2024-10-24 21:00:35,597 basehttp 10448 11172 "GET /static/rest_framework/js/csrf.js HTTP/1.1" 200 1793
INFO 2024-10-24 21:00:35,597 basehttp 10448 19024 "GET /static/rest_framework/js/ajax-form.js HTTP/1.1" 200 3796
INFO 2024-10-24 21:00:35,645 basehttp 10448 8148 "GET /static/rest_framework/js/jquery-3.7.1.min.js HTTP/1.1" 200 87533
INFO 2024-10-24 21:00:35,648 basehttp 10448 19024 "GET /static/rest_framework/js/bootstrap.min.js HTTP/1.1" 200 39680
INFO 2024-10-24 21:00:35,660 basehttp 10448 19024 "GET /static/rest_framework/js/load-ajax-form.js HTTP/1.1" 200 59
INFO 2024-10-24 21:00:35,664 basehttp 10448 19024 "GET /static/rest_framework/img/grid.png HTTP/1.1" 200 1458
INFO 2024-10-24 21:00:35,667 basehttp 10448 8148 "GET /static/rest_framework/js/default.js HTTP/1.1" 200 1268
INFO 2024-10-24 21:00:35,667 basehttp 10448 11172 "GET /static/rest_framework/js/prettify-min.js HTTP/1.1" 200 13632
INFO 2024-10-24 21:00:59,439 logging_system 10448 11172 Action logged: VIEW by anwarnawrozi2002@gmail.com
ERROR 2024-10-24 21:00:59,451 logging_system 10448 11172 WARNING: Exception - HTTP 401
NoneType: None

WARNING 2024-10-24 21:01:02,129 log 10448 11172 Unauthorized: /api/services/
WARNING 2024-10-24 21:01:02,129 basehttp 10448 11172 "GET /api/services/?format=api HTTP/1.1" 401 5202
INFO 2024-10-24 21:01:33,181 logging_system 10448 11172 Action logged: VIEW by anwarnawrozi2002@gmail.com
ERROR 2024-10-24 21:01:33,200 logging_system 10448 11172 WARNING: Exception - HTTP 404
NoneType: None

WARNING 2024-10-24 21:01:36,535 log 10448 11172 Not Found: /auth/login/
WARNING 2024-10-24 21:01:36,535 basehttp 10448 11172 "GET /auth/login/ HTTP/1.1" 404 2544
INFO 2024-10-24 21:01:44,562 logging_system 10448 11172 Action logged: VIEW by anwarnawrozi2002@gmail.com
ERROR 2024-10-24 21:01:44,583 logging_system 10448 11172 WARNING: Exception - HTTP 405
NoneType: None

WARNING 2024-10-24 21:01:47,216 log 10448 11172 Method Not Allowed: /api/auth/login/
WARNING 2024-10-24 21:01:47,216 basehttp 10448 11172 "GET /api/auth/login/ HTTP/1.1" 405 5682
INFO 2024-10-24 21:04:10,984 logging_system 10448 11172 Action logged: VIEW by anwarnawrozi2002@gmail.com
ERROR 2024-10-24 21:04:11,048 logging_system 10448 11172 ERROR: ParseError - JSON parse error - Expecting property name enclosed in double quotes: line 1 column 3 (char 2)
Traceback (most recent call last):
  File "C:\Users\Anwar\OneDrive\Desktop\booking\Backend\env\Lib\site-packages\rest_framework\parsers.py", line 66, in parse
    return json.load(decoded_stream, parse_constant=parse_constant)
           ^^^^^^^^^^^^^^^^^^^^^^^^^^^^^^^^^^^^^^^^^^^^^^^^^^^^^^^^
  File "C:\Users\Anwar\OneDrive\Desktop\booking\Backend\env\Lib\site-packages\rest_framework\utils\json.py", line 31, in load
    return json.load(*args, **kwargs)
           ^^^^^^^^^^^^^^^^^^^^^^^^^^
  File "C:\Users\Anwar\AppData\Local\Programs\Python\Python312\Lib\json\__init__.py", line 293, in load
    return loads(fp.read(),
           ^^^^^^^^^^^^^^^^
  File "C:\Users\Anwar\AppData\Local\Programs\Python\Python312\Lib\json\__init__.py", line 359, in loads
    return cls(**kw).decode(s)
           ^^^^^^^^^^^^^^^^^^^
  File "C:\Users\Anwar\AppData\Local\Programs\Python\Python312\Lib\json\decoder.py", line 337, in decode
    obj, end = self.raw_decode(s, idx=_w(s, 0).end())
               ^^^^^^^^^^^^^^^^^^^^^^^^^^^^^^^^^^^^^^
  File "C:\Users\Anwar\AppData\Local\Programs\Python\Python312\Lib\json\decoder.py", line 353, in raw_decode
    obj, end = self.scan_once(s, idx)
               ^^^^^^^^^^^^^^^^^^^^^^
json.decoder.JSONDecodeError: Expecting property name enclosed in double quotes: line 1 column 3 (char 2)

During handling of the above exception, another exception occurred:

Traceback (most recent call last):
  File "C:\Users\Anwar\OneDrive\Desktop\booking\Backend\clinic_booking\booking\views.py", line 377, in post
    serializer = UserLoginSerializer(data=request.data)
                                          ^^^^^^^^^^^^
  File "C:\Users\Anwar\OneDrive\Desktop\booking\Backend\env\Lib\site-packages\rest_framework\request.py", line 220, in data
    self._load_data_and_files()
  File "C:\Users\Anwar\OneDrive\Desktop\booking\Backend\env\Lib\site-packages\rest_framework\request.py", line 283, in _load_data_and_files
    self._data, self._files = self._parse()
                              ^^^^^^^^^^^^^
  File "C:\Users\Anwar\OneDrive\Desktop\booking\Backend\env\Lib\site-packages\rest_framework\request.py", line 358, in _parse
    parsed = parser.parse(stream, media_type, self.parser_context)
             ^^^^^^^^^^^^^^^^^^^^^^^^^^^^^^^^^^^^^^^^^^^^^^^^^^^^^
  File "C:\Users\Anwar\OneDrive\Desktop\booking\Backend\env\Lib\site-packages\rest_framework\parsers.py", line 68, in parse
    raise ParseError('JSON parse error - %s' % str(exc))
rest_framework.exceptions.ParseError: JSON parse error - Expecting property name enclosed in double quotes: line 1 column 3 (char 2)

INFO 2024-10-24 21:04:16,111 logging_system 10448 8148 Action logged: VIEW by anwarnawrozi2002@gmail.com
ERROR 2024-10-24 21:04:16,111 logging_system 10448 8148 ERROR: ParseError - JSON parse error - Expecting property name enclosed in double quotes: line 1 column 3 (char 2)
Traceback (most recent call last):
  File "C:\Users\Anwar\OneDrive\Desktop\booking\Backend\env\Lib\site-packages\rest_framework\parsers.py", line 66, in parse
    return json.load(decoded_stream, parse_constant=parse_constant)
           ^^^^^^^^^^^^^^^^^^^^^^^^^^^^^^^^^^^^^^^^^^^^^^^^^^^^^^^^
  File "C:\Users\Anwar\OneDrive\Desktop\booking\Backend\env\Lib\site-packages\rest_framework\utils\json.py", line 31, in load
    return json.load(*args, **kwargs)
           ^^^^^^^^^^^^^^^^^^^^^^^^^^
  File "C:\Users\Anwar\AppData\Local\Programs\Python\Python312\Lib\json\__init__.py", line 293, in load
    return loads(fp.read(),
           ^^^^^^^^^^^^^^^^
  File "C:\Users\Anwar\AppData\Local\Programs\Python\Python312\Lib\json\__init__.py", line 359, in loads
    return cls(**kw).decode(s)
           ^^^^^^^^^^^^^^^^^^^
  File "C:\Users\Anwar\AppData\Local\Programs\Python\Python312\Lib\json\decoder.py", line 337, in decode
    obj, end = self.raw_decode(s, idx=_w(s, 0).end())
               ^^^^^^^^^^^^^^^^^^^^^^^^^^^^^^^^^^^^^^
  File "C:\Users\Anwar\AppData\Local\Programs\Python\Python312\Lib\json\decoder.py", line 353, in raw_decode
    obj, end = self.scan_once(s, idx)
               ^^^^^^^^^^^^^^^^^^^^^^
json.decoder.JSONDecodeError: Expecting property name enclosed in double quotes: line 1 column 3 (char 2)

During handling of the above exception, another exception occurred:

Traceback (most recent call last):
  File "C:\Users\Anwar\OneDrive\Desktop\booking\Backend\clinic_booking\booking\views.py", line 377, in post
    serializer = UserLoginSerializer(data=request.data)
                                          ^^^^^^^^^^^^
  File "C:\Users\Anwar\OneDrive\Desktop\booking\Backend\env\Lib\site-packages\rest_framework\request.py", line 220, in data
    self._load_data_and_files()
  File "C:\Users\Anwar\OneDrive\Desktop\booking\Backend\env\Lib\site-packages\rest_framework\request.py", line 283, in _load_data_and_files
    self._data, self._files = self._parse()
                              ^^^^^^^^^^^^^
  File "C:\Users\Anwar\OneDrive\Desktop\booking\Backend\env\Lib\site-packages\rest_framework\request.py", line 358, in _parse
    parsed = parser.parse(stream, media_type, self.parser_context)
             ^^^^^^^^^^^^^^^^^^^^^^^^^^^^^^^^^^^^^^^^^^^^^^^^^^^^^
  File "C:\Users\Anwar\OneDrive\Desktop\booking\Backend\env\Lib\site-packages\rest_framework\parsers.py", line 68, in parse
    raise ParseError('JSON parse error - %s' % str(exc))
rest_framework.exceptions.ParseError: JSON parse error - Expecting property name enclosed in double quotes: line 1 column 3 (char 2)

INFO 2024-10-24 21:04:20,289 logging_system 10448 19024 Action logged: VIEW by anwarnawrozi2002@gmail.com
INFO 2024-10-24 21:04:20,305 basehttp 10448 19024 "OPTIONS /api/auth/login/ HTTP/1.1" 200 5952
ERROR 2024-10-24 21:04:22,089 logging_system 10448 11172 WARNING: Exception - HTTP 400
NoneType: None

ERROR 2024-10-24 21:04:24,381 logging_system 10448 8148 WARNING: Exception - HTTP 400
NoneType: None

WARNING 2024-10-24 21:04:38,400 log 10448 11172 Bad Request: /api/auth/login/
WARNING 2024-10-24 21:04:38,409 basehttp 10448 11172 "POST /api/auth/login/ HTTP/1.1" 400 5733
WARNING 2024-10-24 21:04:41,571 log 10448 8148 Bad Request: /api/auth/login/
WARNING 2024-10-24 21:04:41,571 basehttp 10448 8148 "POST /api/auth/login/ HTTP/1.1" 400 5733
INFO 2024-10-24 21:04:51,202 logging_system 10448 8148 Action logged: VIEW by anwarnawrozi2002@gmail.com
ERROR 2024-10-24 21:04:51,210 logging_system 10448 8148 ERROR: ParseError - JSON parse error - Expecting property name enclosed in double quotes: line 1 column 3 (char 2)
Traceback (most recent call last):
  File "C:\Users\Anwar\OneDrive\Desktop\booking\Backend\env\Lib\site-packages\rest_framework\parsers.py", line 66, in parse
    return json.load(decoded_stream, parse_constant=parse_constant)
           ^^^^^^^^^^^^^^^^^^^^^^^^^^^^^^^^^^^^^^^^^^^^^^^^^^^^^^^^
  File "C:\Users\Anwar\OneDrive\Desktop\booking\Backend\env\Lib\site-packages\rest_framework\utils\json.py", line 31, in load
    return json.load(*args, **kwargs)
           ^^^^^^^^^^^^^^^^^^^^^^^^^^
  File "C:\Users\Anwar\AppData\Local\Programs\Python\Python312\Lib\json\__init__.py", line 293, in load
    return loads(fp.read(),
           ^^^^^^^^^^^^^^^^
  File "C:\Users\Anwar\AppData\Local\Programs\Python\Python312\Lib\json\__init__.py", line 359, in loads
    return cls(**kw).decode(s)
           ^^^^^^^^^^^^^^^^^^^
  File "C:\Users\Anwar\AppData\Local\Programs\Python\Python312\Lib\json\decoder.py", line 337, in decode
    obj, end = self.raw_decode(s, idx=_w(s, 0).end())
               ^^^^^^^^^^^^^^^^^^^^^^^^^^^^^^^^^^^^^^
  File "C:\Users\Anwar\AppData\Local\Programs\Python\Python312\Lib\json\decoder.py", line 353, in raw_decode
    obj, end = self.scan_once(s, idx)
               ^^^^^^^^^^^^^^^^^^^^^^
json.decoder.JSONDecodeError: Expecting property name enclosed in double quotes: line 1 column 3 (char 2)

During handling of the above exception, another exception occurred:

Traceback (most recent call last):
  File "C:\Users\Anwar\OneDrive\Desktop\booking\Backend\clinic_booking\booking\views.py", line 377, in post
    serializer = UserLoginSerializer(data=request.data)
                                          ^^^^^^^^^^^^
  File "C:\Users\Anwar\OneDrive\Desktop\booking\Backend\env\Lib\site-packages\rest_framework\request.py", line 220, in data
    self._load_data_and_files()
  File "C:\Users\Anwar\OneDrive\Desktop\booking\Backend\env\Lib\site-packages\rest_framework\request.py", line 283, in _load_data_and_files
    self._data, self._files = self._parse()
                              ^^^^^^^^^^^^^
  File "C:\Users\Anwar\OneDrive\Desktop\booking\Backend\env\Lib\site-packages\rest_framework\request.py", line 358, in _parse
    parsed = parser.parse(stream, media_type, self.parser_context)
             ^^^^^^^^^^^^^^^^^^^^^^^^^^^^^^^^^^^^^^^^^^^^^^^^^^^^^
  File "C:\Users\Anwar\OneDrive\Desktop\booking\Backend\env\Lib\site-packages\rest_framework\parsers.py", line 68, in parse
    raise ParseError('JSON parse error - %s' % str(exc))
rest_framework.exceptions.ParseError: JSON parse error - Expecting property name enclosed in double quotes: line 1 column 3 (char 2)

ERROR 2024-10-24 21:04:53,265 logging_system 10448 8148 WARNING: Exception - HTTP 400
NoneType: None

WARNING 2024-10-24 21:04:55,845 log 10448 8148 Bad Request: /api/auth/login/
WARNING 2024-10-24 21:04:55,845 basehttp 10448 8148 "POST /api/auth/login/ HTTP/1.1" 400 5733
INFO 2024-10-25 22:45:45,504 autoreload 23668 22952 Watching for file changes with StatReloader
INFO 2024-10-25 22:45:49,681 logging_system 23668 23328 Action logged: VIEW by anwarnawrozi2002@gmail.com
ERROR 2024-10-25 22:45:49,745 logging_system 23668 23328 WARNING: Exception - HTTP 404
NoneType: None

WARNING 2024-10-25 22:45:50,944 log 23668 23328 Not Found: /
WARNING 2024-10-25 22:45:50,944 basehttp 23668 23328 "GET / HTTP/1.1" 404 2493
INFO 2024-10-25 22:45:51,255 logging_system 23668 23328 Action logged: VIEW by anwarnawrozi2002@gmail.com
ERROR 2024-10-25 22:45:51,265 logging_system 23668 23328 WARNING: Exception - HTTP 404
NoneType: None

WARNING 2024-10-25 22:45:52,269 log 23668 23328 Not Found: /favicon.ico
WARNING 2024-10-25 22:45:52,270 basehttp 23668 23328 "GET /favicon.ico HTTP/1.1" 404 2544
INFO 2024-10-25 22:45:55,588 logging_system 23668 23328 Action logged: VIEW by anwarnawrozi2002@gmail.com
INFO 2024-10-25 22:45:55,657 basehttp 23668 23328 "GET /admin/ HTTP/1.1" 200 15380
INFO 2024-10-25 22:45:55,842 basehttp 23668 18504 "GET /static/admin/css/nav_sidebar.css HTTP/1.1" 200 2810
INFO 2024-10-25 22:45:55,843 basehttp 23668 23328 "GET /static/admin/css/base.css HTTP/1.1" 200 22092
INFO 2024-10-25 22:45:55,843 basehttp 23668 24488 "GET /static/admin/css/dark_mode.css HTTP/1.1" 200 2804
INFO 2024-10-25 22:45:55,843 basehttp 23668 12668 "GET /static/admin/css/dashboard.css HTTP/1.1" 200 441
INFO 2024-10-25 22:45:55,843 basehttp 23668 1048 "GET /static/admin/js/theme.js HTTP/1.1" 200 1653
INFO 2024-10-25 22:45:55,849 basehttp 23668 21100 "GET /static/admin/css/responsive.css HTTP/1.1" 200 17972
INFO 2024-10-25 22:45:55,853 basehttp 23668 21100 "GET /static/admin/js/nav_sidebar.js HTTP/1.1" 200 3063
INFO 2024-10-25 22:45:55,862 basehttp 23668 21100 "GET /static/admin/img/icon-addlink.svg HTTP/1.1" 200 331
INFO 2024-10-25 22:45:55,862 basehttp 23668 12668 "GET /static/admin/img/icon-viewlink.svg HTTP/1.1" 200 581
INFO 2024-10-25 22:45:55,862 basehttp 23668 1048 "GET /static/admin/img/icon-changelink.svg HTTP/1.1" 200 380
INFO 2024-10-25 22:46:04,118 logging_system 23668 1048 Action logged: VIEW by anwarnawrozi2002@gmail.com
INFO 2024-10-25 22:46:04,274 basehttp 23668 1048 "GET /admin/booking/auditlog/ HTTP/1.1" 200 68651
INFO 2024-10-25 22:46:04,300 basehttp 23668 1048 "GET /static/admin/css/changelists.css HTTP/1.1" 200 6878
INFO 2024-10-25 22:46:04,305 basehttp 23668 23328 "GET /static/admin/js/core.js HTTP/1.1" 200 6208
INFO 2024-10-25 22:46:04,305 basehttp 23668 18504 "GET /static/admin/js/admin/RelatedObjectLookups.js HTTP/1.1" 200 9097
INFO 2024-10-25 22:46:04,310 basehttp 23668 1048 "GET /static/admin/js/actions.js HTTP/1.1" 200 8076
INFO 2024-10-25 22:46:04,311 basehttp 23668 24488 "GET /static/admin/js/jquery.init.js HTTP/1.1" 200 347
INFO 2024-10-25 22:46:04,316 basehttp 23668 23328 "GET /static/admin/js/prepopulate.js HTTP/1.1" 200 1531
INFO 2024-10-25 22:46:04,317 basehttp 23668 18504 "GET /static/admin/js/urlify.js HTTP/1.1" 200 7887
INFO 2024-10-25 22:46:04,317 logging_system 23668 12668 Action logged: VIEW by anwarnawrozi2002@gmail.com
INFO 2024-10-25 22:46:04,317 basehttp 23668 1048 "GET /static/admin/img/search.svg HTTP/1.1" 200 458
INFO 2024-10-25 22:46:04,317 basehttp 23668 21100 "GET /static/admin/js/vendor/jquery/jquery.js HTTP/1.1" 200 285314
INFO 2024-10-25 22:46:04,331 basehttp 23668 24488 "GET /static/admin/js/vendor/xregexp/xregexp.js HTTP/1.1" 200 325171
INFO 2024-10-25 22:46:04,347 basehttp 23668 24488 "GET /static/admin/js/filters.js HTTP/1.1" 200 978
INFO 2024-10-25 22:46:04,371 basehttp 23668 12668 "GET /admin/jsi18n/ HTTP/1.1" 200 3342
INFO 2024-10-25 22:46:04,405 basehttp 23668 12668 "GET /static/admin/img/sorting-icons.svg HTTP/1.1" 200 1097
INFO 2024-10-25 22:46:08,798 logging_system 23668 12668 Action logged: VIEW by anwarnawrozi2002@gmail.com
INFO 2024-10-25 22:46:08,835 basehttp 23668 12668 "GET /admin/booking/errorlog/ HTTP/1.1" 200 31165
INFO 2024-10-25 22:46:08,868 logging_system 23668 12668 Action logged: VIEW by anwarnawrozi2002@gmail.com
INFO 2024-10-25 22:46:08,870 basehttp 23668 12668 "GET /admin/jsi18n/ HTTP/1.1" 200 3342
INFO 2024-10-25 22:52:53,931 logging_system 23668 14500 Action logged: VIEW by anwarnawrozi2002@gmail.com
ERROR 2024-10-25 22:52:54,025 logging_system 23668 14500 WARNING: Exception - HTTP 405
NoneType: None

WARNING 2024-10-25 22:52:55,107 log 23668 14500 Method Not Allowed: /api/auth/login/
WARNING 2024-10-25 22:52:55,123 basehttp 23668 14500 "GET /api/auth/login/ HTTP/1.1" 405 5652
INFO 2024-10-25 22:52:55,168 basehttp 23668 20756 "GET /static/rest_framework/css/prettify.css HTTP/1.1" 200 817
INFO 2024-10-25 22:52:55,168 basehttp 23668 16552 "GET /static/rest_framework/css/bootstrap-tweaks.css HTTP/1.1" 200 3426
INFO 2024-10-25 22:52:55,168 basehttp 23668 14500 "GET /static/rest_framework/css/bootstrap.min.css HTTP/1.1" 200 121457
INFO 2024-10-25 22:52:55,183 basehttp 23668 20756 "GET /static/rest_framework/css/default.css HTTP/1.1" 200 1152
INFO 2024-10-25 22:52:55,226 basehttp 23668 14500 "GET /static/rest_framework/js/ajax-form.js HTTP/1.1" 200 3796
INFO 2024-10-25 22:52:55,231 basehttp 23668 20756 "GET /static/rest_framework/js/csrf.js HTTP/1.1" 200 1793
INFO 2024-10-25 22:52:55,270 basehttp 23668 14500 "GET /static/rest_framework/js/bootstrap.min.js HTTP/1.1" 200 39680
INFO 2024-10-25 22:52:55,285 basehttp 23668 16552 "GET /static/rest_framework/js/jquery-3.7.1.min.js HTTP/1.1" 200 87533
INFO 2024-10-25 22:52:55,285 basehttp 23668 20756 "GET /static/rest_framework/js/prettify-min.js HTTP/1.1" 200 13632
INFO 2024-10-25 22:52:55,285 basehttp 23668 20756 "GET /static/rest_framework/img/grid.png HTTP/1.1" 200 1458
INFO 2024-10-25 22:52:55,301 basehttp 23668 14500 "GET /static/rest_framework/js/default.js HTTP/1.1" 200 1268
INFO 2024-10-25 22:52:55,303 basehttp 23668 16552 "GET /static/rest_framework/js/load-ajax-form.js HTTP/1.1" 200 59
INFO 2024-10-25 22:52:55,473 logging_system 23668 16552 Action logged: VIEW by anwarnawrozi2002@gmail.com
ERROR 2024-10-25 22:52:55,495 logging_system 23668 16552 WARNING: Exception - HTTP 404
NoneType: None

WARNING 2024-10-25 22:52:56,513 log 23668 16552 Not Found: /favicon.ico
WARNING 2024-10-25 22:52:56,513 basehttp 23668 16552 "GET /favicon.ico HTTP/1.1" 404 2544
INFO 2024-10-25 22:52:58,685 logging_system 23668 20176 Action logged: VIEW by anwarnawrozi2002@gmail.com
INFO 2024-10-25 22:52:58,703 basehttp 23668 20176 "GET /admin/booking/appointmentservice/ HTTP/1.1" 200 13533
INFO 2024-10-25 22:52:58,937 basehttp 23668 20176 "GET /static/admin/img/tooltag-add.svg HTTP/1.1" 200 331
INFO 2024-10-25 22:55:06,112 basehttp 23668 16068 "POST /api/auth/register/ HTTP/1.1" 201 206
INFO 2024-10-25 22:58:06,251 basehttp 23668 23348 "POST /api/auth/login/ HTTP/1.1" 200 199
INFO 2024-10-25 23:12:09,971 autoreload 23668 22952 C:\Users\Anwar\OneDrive\Desktop\booking\Backend\clinic_booking\booking\models.py changed, reloading.
INFO 2024-10-25 23:12:11,362 autoreload 13200 23632 Watching for file changes with StatReloader
INFO 2024-10-25 23:12:13,505 autoreload 13200 23632 C:\Users\Anwar\OneDrive\Desktop\booking\Backend\clinic_booking\booking\models.py changed, reloading.
INFO 2024-10-25 23:12:14,176 autoreload 12108 17248 Watching for file changes with StatReloader
INFO 2024-10-25 23:15:43,638 autoreload 12108 17248 C:\Users\Anwar\OneDrive\Desktop\booking\Backend\clinic_booking\booking\views.py changed, reloading.
INFO 2024-10-25 23:15:44,282 autoreload 12248 1812 Watching for file changes with StatReloader
INFO 2024-10-25 23:19:26,011 autoreload 12248 1812 C:\Users\Anwar\OneDrive\Desktop\booking\Backend\clinic_booking\booking\views.py changed, reloading.
INFO 2024-10-25 23:19:26,629 autoreload 14692 13968 Watching for file changes with StatReloader
INFO 2024-10-25 23:21:00,741 autoreload 14692 13968 C:\Users\Anwar\OneDrive\Desktop\booking\Backend\clinic_booking\booking\serializers.py changed, reloading.
INFO 2024-10-25 23:21:01,403 autoreload 5784 7900 Watching for file changes with StatReloader
INFO 2024-10-26 00:22:55,782 autoreload 21572 18776 Watching for file changes with StatReloader
INFO 2024-10-26 00:23:00,080 logging_system 21572 24592 Action logged: VIEW by anwarnawrozi2002@gmail.com
ERROR 2024-10-26 00:23:00,105 logging_system 21572 24592 WARNING: Exception - HTTP 404
NoneType: None

WARNING 2024-10-26 00:23:01,353 log 21572 24592 Not Found: /
WARNING 2024-10-26 00:23:01,353 basehttp 21572 24592 "GET / HTTP/1.1" 404 2493
INFO 2024-10-28 21:52:19,450 autoreload 24560 21444 Watching for file changes with StatReloader
ERROR 2024-10-28 21:52:22,597 logging_system 24560 18928 WARNING: Exception - HTTP 404
NoneType: None

WARNING 2024-10-28 21:52:23,877 log 24560 18928 Not Found: /
WARNING 2024-10-28 21:52:23,878 basehttp 24560 18928 "GET / HTTP/1.1" 404 2493
ERROR 2024-10-28 21:52:24,841 logging_system 24560 18928 WARNING: Exception - HTTP 404
NoneType: None

WARNING 2024-10-28 21:52:25,969 log 24560 18928 Not Found: /favicon.ico
WARNING 2024-10-28 21:52:25,973 basehttp 24560 18928 "GET /favicon.ico HTTP/1.1" 404 2544
INFO 2024-10-28 21:52:28,798 basehttp 24560 5868 "GET /admin/ HTTP/1.1" 302 0
INFO 2024-10-28 21:52:28,945 basehttp 24560 5868 "GET /admin/login/?next=/admin/ HTTP/1.1" 200 4183
INFO 2024-10-28 21:52:29,127 basehttp 24560 5868 "GET /static/admin/css/base.css HTTP/1.1" 200 22092
INFO 2024-10-28 21:52:29,128 basehttp 24560 23652 "GET /static/admin/css/dark_mode.css HTTP/1.1" 200 2804
INFO 2024-10-28 21:52:29,129 basehttp 24560 13092 "GET /static/admin/css/login.css HTTP/1.1" 200 951
INFO 2024-10-28 21:52:29,134 basehttp 24560 22028 "GET /static/admin/css/responsive.css HTTP/1.1" 200 17972
INFO 2024-10-28 21:52:29,134 basehttp 24560 21020 "GET /static/admin/css/nav_sidebar.css HTTP/1.1" 200 2810
INFO 2024-10-28 21:52:29,153 basehttp 24560 4676 "GET /static/admin/js/theme.js HTTP/1.1" 200 1653
INFO 2024-10-28 21:52:29,161 basehttp 24560 21020 "GET /static/admin/js/nav_sidebar.js HTTP/1.1" 200 3063
INFO 2024-10-28 21:52:36,992 basehttp 24560 21020 "POST /admin/login/?next=/admin/ HTTP/1.1" 302 0
INFO 2024-10-28 21:52:37,006 logging_system 24560 21020 Action logged: VIEW by anwarnawrozi2002@gmail.com
INFO 2024-10-28 21:52:37,038 basehttp 24560 21020 "GET /admin/ HTTP/1.1" 200 11929
INFO 2024-10-28 21:52:37,077 basehttp 24560 21020 "GET /static/admin/css/dashboard.css HTTP/1.1" 200 441
INFO 2024-10-28 21:52:37,110 basehttp 24560 21020 "GET /static/admin/img/icon-addlink.svg HTTP/1.1" 200 331
INFO 2024-10-28 21:52:37,122 basehttp 24560 4676 "GET /static/admin/img/icon-changelink.svg HTTP/1.1" 200 380
INFO 2024-10-28 21:52:37,122 basehttp 24560 22028 "GET /static/admin/img/icon-viewlink.svg HTTP/1.1" 200 581
INFO 2024-10-28 21:52:49,411 logging_system 24560 26360 Action logged: VIEW by anwarnawrozi2002@gmail.com
INFO 2024-10-28 21:52:49,514 basehttp 24560 26360 "GET /admin/booking/auditlog/ HTTP/1.1" 200 17274
INFO 2024-10-28 21:52:49,558 basehttp 24560 26360 "GET /static/admin/css/changelists.css HTTP/1.1" 200 6878
INFO 2024-10-28 21:52:49,563 logging_system 24560 12364 Action logged: VIEW by anwarnawrozi2002@gmail.com
INFO 2024-10-28 21:52:49,563 basehttp 24560 26360 "GET /static/admin/js/actions.js HTTP/1.1" 200 8076
INFO 2024-10-28 21:52:49,573 basehttp 24560 14956 "GET /static/admin/js/jquery.init.js HTTP/1.1" 200 347
INFO 2024-10-28 21:52:49,602 basehttp 24560 25472 "GET /static/admin/js/admin/RelatedObjectLookups.js HTTP/1.1" 200 9097
INFO 2024-10-28 21:52:49,603 basehttp 24560 24736 "GET /static/admin/js/core.js HTTP/1.1" 200 6208
INFO 2024-10-28 21:52:49,611 basehttp 24560 26360 "GET /static/admin/js/urlify.js HTTP/1.1" 200 7887
INFO 2024-10-28 21:52:49,616 basehttp 24560 14956 "GET /static/admin/js/prepopulate.js HTTP/1.1" 200 1531
INFO 2024-10-28 21:52:49,629 basehttp 24560 12364 "GET /admin/jsi18n/ HTTP/1.1" 200 3342
INFO 2024-10-28 21:52:49,640 basehttp 24560 12364 "GET /static/admin/img/search.svg HTTP/1.1" 200 458
INFO 2024-10-28 21:52:49,658 basehttp 24560 15240 "GET /static/admin/js/vendor/jquery/jquery.js HTTP/1.1" 200 285314
INFO 2024-10-28 21:52:49,679 basehttp 24560 15240 "GET /static/admin/js/filters.js HTTP/1.1" 200 978
INFO 2024-10-28 21:52:49,721 basehttp 24560 25472 "GET /static/admin/js/vendor/xregexp/xregexp.js HTTP/1.1" 200 325171
INFO 2024-10-28 21:52:49,764 basehttp 24560 25472 "GET /static/admin/img/sorting-icons.svg HTTP/1.1" 200 1097
INFO 2024-10-28 21:52:53,064 logging_system 24560 25472 Action logged: VIEW by anwarnawrozi2002@gmail.com
INFO 2024-10-28 21:52:53,073 basehttp 24560 25472 "GET /admin/ HTTP/1.1" 200 11929
INFO 2024-10-28 21:52:55,769 logging_system 24560 25472 Action logged: VIEW by anwarnawrozi2002@gmail.com
INFO 2024-10-28 21:52:55,788 basehttp 24560 25472 "GET /admin/booking/errorlog/ HTTP/1.1" 200 16733
INFO 2024-10-28 21:52:55,834 logging_system 24560 25472 Action logged: VIEW by anwarnawrozi2002@gmail.com
INFO 2024-10-28 21:52:55,837 basehttp 24560 25472 "GET /admin/jsi18n/ HTTP/1.1" 200 3342
INFO 2024-10-28 21:53:01,725 logging_system 24560 14068 Action logged: VIEW by anwarnawrozi2002@gmail.com
INFO 2024-10-28 21:53:01,739 basehttp 24560 14068 "GET /admin/booking/schedule/ HTTP/1.1" 200 12847
INFO 2024-10-28 21:53:01,787 logging_system 24560 14068 Action logged: VIEW by anwarnawrozi2002@gmail.com
INFO 2024-10-28 21:53:01,790 basehttp 24560 14068 "GET /admin/jsi18n/ HTTP/1.1" 200 3342
INFO 2024-10-28 21:53:01,841 basehttp 24560 14068 "GET /static/admin/img/tooltag-add.svg HTTP/1.1" 200 331
INFO 2024-10-28 21:53:05,538 logging_system 24560 14068 Action logged: VIEW by anwarnawrozi2002@gmail.com
INFO 2024-10-28 21:53:05,550 basehttp 24560 14068 "GET /admin/booking/business/ HTTP/1.1" 200 13053
INFO 2024-10-28 21:53:05,600 logging_system 24560 14068 Action logged: VIEW by anwarnawrozi2002@gmail.com
INFO 2024-10-28 21:53:05,602 basehttp 24560 14068 "GET /admin/jsi18n/ HTTP/1.1" 200 3342
INFO 2024-10-28 21:53:07,308 logging_system 24560 14068 Action logged: VIEW by anwarnawrozi2002@gmail.com
INFO 2024-10-28 21:53:07,369 basehttp 24560 14068 "GET /admin/booking/business/add/ HTTP/1.1" 200 14137
INFO 2024-10-28 21:53:07,411 basehttp 24560 14068 "GET /static/admin/css/forms.css HTTP/1.1" 200 8794
INFO 2024-10-28 21:53:07,413 logging_system 24560 6920 Action logged: VIEW by anwarnawrozi2002@gmail.com
INFO 2024-10-28 21:53:07,416 basehttp 24560 6920 "GET /admin/jsi18n/ HTTP/1.1" 200 3342
INFO 2024-10-28 21:53:07,419 basehttp 24560 23472 "GET /static/admin/js/prepopulate_init.js HTTP/1.1" 200 586
INFO 2024-10-28 21:53:07,459 basehttp 24560 23472 "GET /static/admin/css/widgets.css HTTP/1.1" 200 11564
INFO 2024-10-28 21:53:07,465 basehttp 24560 6920 "GET /static/admin/js/change_form.js HTTP/1.1" 200 606
INFO 2024-10-28 21:53:26,790 logging_system 24560 23004 Action logged: VIEW by anwarnawrozi2002@gmail.com
INFO 2024-10-28 21:53:26,807 basehttp 24560 23004 "POST /admin/booking/business/add/ HTTP/1.1" 200 14351
INFO 2024-10-28 21:53:26,860 logging_system 24560 23004 Action logged: VIEW by anwarnawrozi2002@gmail.com
INFO 2024-10-28 21:53:26,863 basehttp 24560 23004 "GET /admin/jsi18n/ HTTP/1.1" 200 3342
INFO 2024-10-28 21:53:47,514 logging_system 24560 17916 Action logged: VIEW by anwarnawrozi2002@gmail.com
INFO 2024-10-28 21:53:47,526 basehttp 24560 17916 "POST /admin/booking/business/add/ HTTP/1.1" 302 0
INFO 2024-10-28 21:53:47,551 logging_system 24560 17916 Action logged: VIEW by anwarnawrozi2002@gmail.com
INFO 2024-10-28 21:53:47,566 basehttp 24560 17916 "GET /admin/booking/business/ HTTP/1.1" 200 15525
INFO 2024-10-28 21:53:47,618 logging_system 24560 17916 Action logged: VIEW by anwarnawrozi2002@gmail.com
INFO 2024-10-28 21:53:47,620 basehttp 24560 17916 "GET /admin/jsi18n/ HTTP/1.1" 200 3342
INFO 2024-10-28 21:53:47,684 basehttp 24560 17916 "GET /static/admin/img/icon-yes.svg HTTP/1.1" 200 436
INFO 2024-10-28 21:53:55,857 logging_system 24560 12788 Action logged: VIEW by anwarnawrozi2002@gmail.com
INFO 2024-10-28 21:53:55,902 basehttp 24560 12788 "GET /admin/booking/service/add/ HTTP/1.1" 200 18480
INFO 2024-10-28 21:53:55,951 logging_system 24560 12788 Action logged: VIEW by anwarnawrozi2002@gmail.com
INFO 2024-10-28 21:53:55,954 basehttp 24560 12788 "GET /admin/jsi18n/ HTTP/1.1" 200 3342
INFO 2024-10-28 21:53:55,969 basehttp 24560 25676 "GET /static/admin/js/calendar.js HTTP/1.1" 200 9141
INFO 2024-10-28 21:53:55,971 basehttp 24560 23988 "GET /static/admin/js/admin/DateTimeShortcuts.js HTTP/1.1" 200 19319
INFO 2024-10-28 21:53:56,102 basehttp 24560 25676 "GET /static/admin/img/icon-clock.svg HTTP/1.1" 200 677
INFO 2024-10-28 21:53:56,103 basehttp 24560 23988 "GET /static/admin/img/icon-calendar.svg HTTP/1.1" 200 1086
INFO 2024-10-28 21:53:59,262 logging_system 24560 20496 Action logged: VIEW by anwarnawrozi2002@gmail.com
INFO 2024-10-28 21:53:59,284 basehttp 24560 20496 "GET /admin/booking/business/1/change/?_to_field=id HTTP/1.1" 200 14527
INFO 2024-10-28 21:53:59,324 logging_system 24560 20496 Action logged: VIEW by anwarnawrozi2002@gmail.com
INFO 2024-10-28 21:53:59,326 basehttp 24560 20496 "GET /admin/jsi18n/ HTTP/1.1" 200 3342
INFO 2024-10-28 21:54:03,007 logging_system 24560 20496 Action logged: VIEW by anwarnawrozi2002@gmail.com
INFO 2024-10-28 21:54:03,018 basehttp 24560 20496 "GET /admin/booking/service/ HTTP/1.1" 200 12440
INFO 2024-10-28 21:54:03,066 logging_system 24560 20496 Action logged: VIEW by anwarnawrozi2002@gmail.com
INFO 2024-10-28 21:54:03,069 basehttp 24560 20496 "GET /admin/jsi18n/ HTTP/1.1" 200 3342
INFO 2024-10-28 21:54:06,014 logging_system 24560 20496 Action logged: VIEW by anwarnawrozi2002@gmail.com
INFO 2024-10-28 21:54:06,035 basehttp 24560 20496 "GET /admin/booking/service/add/ HTTP/1.1" 200 18480
INFO 2024-10-28 21:54:06,074 logging_system 24560 20496 Action logged: VIEW by anwarnawrozi2002@gmail.com
INFO 2024-10-28 21:54:06,077 basehttp 24560 20496 "GET /admin/jsi18n/ HTTP/1.1" 200 3342
INFO 2024-10-28 21:54:52,995 logging_system 24560 9200 Action logged: VIEW by anwarnawrozi2002@gmail.com
INFO 2024-10-28 21:54:53,011 basehttp 24560 9200 "POST /admin/booking/service/add/ HTTP/1.1" 302 0
INFO 2024-10-28 21:54:53,030 logging_system 24560 9200 Action logged: VIEW by anwarnawrozi2002@gmail.com
INFO 2024-10-28 21:54:53,043 basehttp 24560 9200 "GET /admin/booking/service/ HTTP/1.1" 200 15408
INFO 2024-10-28 21:54:53,106 logging_system 24560 9200 Action logged: VIEW by anwarnawrozi2002@gmail.com
INFO 2024-10-28 21:54:53,108 basehttp 24560 9200 "GET /admin/jsi18n/ HTTP/1.1" 200 3342
INFO 2024-10-28 21:55:04,042 logging_system 24560 25772 Action logged: VIEW by anwarnawrozi2002@gmail.com
INFO 2024-10-28 21:55:04,078 basehttp 24560 25772 "GET /admin/booking/schedule/add/ HTTP/1.1" 200 17167
INFO 2024-10-28 21:55:04,137 logging_system 24560 25772 Action logged: VIEW by anwarnawrozi2002@gmail.com
INFO 2024-10-28 21:55:04,140 basehttp 24560 25772 "GET /admin/jsi18n/ HTTP/1.1" 200 3342
INFO 2024-10-28 21:55:07,211 logging_system 24560 25772 Action logged: VIEW by anwarnawrozi2002@gmail.com
INFO 2024-10-28 21:55:07,224 basehttp 24560 25772 "GET /admin/booking/customuser/ HTTP/1.1" 200 16175
INFO 2024-10-28 21:55:07,277 logging_system 24560 25772 Action logged: VIEW by anwarnawrozi2002@gmail.com
INFO 2024-10-28 21:55:07,280 basehttp 24560 25772 "GET /admin/jsi18n/ HTTP/1.1" 200 3342
INFO 2024-10-28 21:55:21,201 logging_system 24560 23984 Action logged: VIEW by anwarnawrozi2002@gmail.com
INFO 2024-10-28 21:55:21,213 basehttp 24560 23984 "GET /admin/booking/service/ HTTP/1.1" 200 15178
INFO 2024-10-28 21:55:21,267 logging_system 24560 23984 Action logged: VIEW by anwarnawrozi2002@gmail.com
INFO 2024-10-28 21:55:21,269 basehttp 24560 23984 "GET /admin/jsi18n/ HTTP/1.1" 200 3342
INFO 2024-10-28 21:55:22,275 logging_system 24560 23984 Action logged: VIEW by anwarnawrozi2002@gmail.com
INFO 2024-10-28 21:55:22,287 basehttp 24560 23984 "GET /admin/booking/schedule/ HTTP/1.1" 200 12847
INFO 2024-10-28 21:55:22,343 logging_system 24560 23984 Action logged: VIEW by anwarnawrozi2002@gmail.com
INFO 2024-10-28 21:55:22,346 basehttp 24560 23984 "GET /admin/jsi18n/ HTTP/1.1" 200 3342
INFO 2024-10-28 21:55:23,911 logging_system 24560 23984 Action logged: VIEW by anwarnawrozi2002@gmail.com
INFO 2024-10-28 21:55:23,923 basehttp 24560 23984 "GET /admin/booking/errorlog/ HTTP/1.1" 200 16733
INFO 2024-10-28 21:55:23,972 logging_system 24560 23984 Action logged: VIEW by anwarnawrozi2002@gmail.com
INFO 2024-10-28 21:55:23,975 basehttp 24560 23984 "GET /admin/jsi18n/ HTTP/1.1" 200 3342
INFO 2024-10-28 21:55:24,570 logging_system 24560 23984 Action logged: VIEW by anwarnawrozi2002@gmail.com
INFO 2024-10-28 21:55:24,598 basehttp 24560 23984 "GET /admin/booking/dailyanalytics/ HTTP/1.1" 200 12892
INFO 2024-10-28 21:55:24,661 logging_system 24560 23984 Action logged: VIEW by anwarnawrozi2002@gmail.com
INFO 2024-10-28 21:55:24,663 basehttp 24560 23984 "GET /admin/jsi18n/ HTTP/1.1" 200 3342
INFO 2024-10-28 21:55:25,549 logging_system 24560 23984 Action logged: VIEW by anwarnawrozi2002@gmail.com
INFO 2024-10-28 21:55:25,559 basehttp 24560 23984 "GET /admin/booking/business/ HTTP/1.1" 200 15309
INFO 2024-10-28 21:55:25,605 logging_system 24560 23984 Action logged: VIEW by anwarnawrozi2002@gmail.com
INFO 2024-10-28 21:55:25,608 basehttp 24560 23984 "GET /admin/jsi18n/ HTTP/1.1" 200 3342
INFO 2024-10-28 21:55:27,714 logging_system 24560 23984 Action logged: VIEW by anwarnawrozi2002@gmail.com
INFO 2024-10-28 21:55:27,801 basehttp 24560 23984 "GET /admin/booking/auditlog/ HTTP/1.1" 200 39686
INFO 2024-10-28 21:55:27,849 logging_system 24560 23984 Action logged: VIEW by anwarnawrozi2002@gmail.com
INFO 2024-10-28 21:55:27,852 basehttp 24560 23984 "GET /admin/jsi18n/ HTTP/1.1" 200 3342
INFO 2024-10-28 21:55:29,582 logging_system 24560 12208 Action logged: VIEW by anwarnawrozi2002@gmail.com
INFO 2024-10-28 21:55:29,599 basehttp 24560 12208 "GET /admin/booking/appointment/ HTTP/1.1" 200 13593
INFO 2024-10-28 21:55:29,650 logging_system 24560 12208 Action logged: VIEW by anwarnawrozi2002@gmail.com
INFO 2024-10-28 21:55:29,652 basehttp 24560 12208 "GET /admin/jsi18n/ HTTP/1.1" 200 3342
INFO 2024-10-28 21:55:30,422 logging_system 24560 12208 Action logged: VIEW by anwarnawrozi2002@gmail.com
INFO 2024-10-28 21:55:30,434 basehttp 24560 12208 "GET /admin/booking/appointmentservice/ HTTP/1.1" 200 11633
INFO 2024-10-28 21:55:30,480 logging_system 24560 12208 Action logged: VIEW by anwarnawrozi2002@gmail.com
INFO 2024-10-28 21:55:30,483 basehttp 24560 12208 "GET /admin/jsi18n/ HTTP/1.1" 200 3342
INFO 2024-10-28 21:55:33,662 logging_system 24560 12208 Action logged: VIEW by anwarnawrozi2002@gmail.com
INFO 2024-10-28 21:55:33,681 basehttp 24560 12208 "GET /admin/booking/appointmentservice/add/ HTTP/1.1" 200 19490
INFO 2024-10-28 21:55:33,736 logging_system 24560 12208 Action logged: VIEW by anwarnawrozi2002@gmail.com
INFO 2024-10-28 21:55:33,740 basehttp 24560 12208 "GET /admin/jsi18n/ HTTP/1.1" 200 3342
INFO 2024-10-28 21:55:33,778 basehttp 24560 12208 "GET /static/admin/img/icon-deletelink.svg HTTP/1.1" 200 392
INFO 2024-10-28 21:55:39,910 logging_system 24560 23912 Action logged: VIEW by anwarnawrozi2002@gmail.com
INFO 2024-10-28 21:55:39,922 basehttp 24560 23912 "GET /admin/auth/group/ HTTP/1.1" 200 11878
INFO 2024-10-28 21:55:39,972 logging_system 24560 23912 Action logged: VIEW by anwarnawrozi2002@gmail.com
INFO 2024-10-28 21:55:39,975 basehttp 24560 23912 "GET /admin/jsi18n/ HTTP/1.1" 200 3342
INFO 2024-10-28 21:55:42,071 logging_system 24560 23912 Action logged: VIEW by anwarnawrozi2002@gmail.com
INFO 2024-10-28 21:55:42,082 basehttp 24560 23912 "GET /admin/authtoken/tokenproxy/ HTTP/1.1" 200 11950
INFO 2024-10-28 21:55:43,692 logging_system 24560 23912 Action logged: VIEW by anwarnawrozi2002@gmail.com
INFO 2024-10-28 21:55:43,702 basehttp 24560 23912 "GET /admin/auth/group/ HTTP/1.1" 200 11878
INFO 2024-10-28 21:55:43,753 logging_system 24560 23912 Action logged: VIEW by anwarnawrozi2002@gmail.com
INFO 2024-10-28 21:55:43,755 basehttp 24560 23912 "GET /admin/jsi18n/ HTTP/1.1" 200 3342
INFO 2024-10-28 21:55:44,976 logging_system 24560 23912 Action logged: VIEW by anwarnawrozi2002@gmail.com
INFO 2024-10-28 21:55:44,999 basehttp 24560 23912 "GET /admin/auth/group/add/ HTTP/1.1" 200 18433
INFO 2024-10-28 21:55:45,051 logging_system 24560 23912 Action logged: VIEW by anwarnawrozi2002@gmail.com
INFO 2024-10-28 21:55:45,054 basehttp 24560 23912 "GET /admin/jsi18n/ HTTP/1.1" 200 3342
INFO 2024-10-28 21:55:45,074 basehttp 24560 26612 "GET /static/admin/js/SelectBox.js HTTP/1.1" 200 4530
INFO 2024-10-28 21:55:45,074 basehttp 24560 20804 "GET /static/admin/js/SelectFilter2.js HTTP/1.1" 200 15502
INFO 2024-10-28 21:55:45,195 basehttp 24560 23912 "GET /static/admin/img/icon-unknown-alt.svg HTTP/1.1" 200 655
INFO 2024-10-28 21:55:45,195 basehttp 24560 26612 "GET /static/admin/img/selector-icons.svg HTTP/1.1" 200 3291
INFO 2024-10-28 21:55:45,197 basehttp 24560 20804 "GET /static/admin/img/icon-unknown.svg HTTP/1.1" 200 655
INFO 2024-10-28 21:55:47,225 logging_system 24560 20804 Action logged: VIEW by anwarnawrozi2002@gmail.com
INFO 2024-10-28 21:55:47,237 basehttp 24560 20804 "GET /admin/auth/group/ HTTP/1.1" 200 11878
INFO 2024-10-28 21:55:47,288 logging_system 24560 20804 Action logged: VIEW by anwarnawrozi2002@gmail.com
INFO 2024-10-28 21:55:47,292 basehttp 24560 20804 "GET /admin/jsi18n/ HTTP/1.1" 200 3342
INFO 2024-10-28 21:55:47,866 logging_system 24560 20804 Action logged: VIEW by anwarnawrozi2002@gmail.com
INFO 2024-10-28 21:55:47,885 basehttp 24560 20804 "GET /admin/authtoken/tokenproxy/ HTTP/1.1" 200 11950
INFO 2024-10-28 21:55:48,935 logging_system 24560 25324 Action logged: VIEW by anwarnawrozi2002@gmail.com
INFO 2024-10-28 21:55:48,944 basehttp 24560 25324 "GET /admin/booking/appointmentservice/ HTTP/1.1" 200 11633
INFO 2024-10-28 21:55:48,991 logging_system 24560 25324 Action logged: VIEW by anwarnawrozi2002@gmail.com
INFO 2024-10-28 21:55:48,994 basehttp 24560 25324 "GET /admin/jsi18n/ HTTP/1.1" 200 3342
INFO 2024-10-28 21:55:51,265 logging_system 24560 25324 Action logged: VIEW by anwarnawrozi2002@gmail.com
INFO 2024-10-28 21:55:51,277 basehttp 24560 25324 "GET /admin/booking/schedule/ HTTP/1.1" 200 12847
INFO 2024-10-28 21:55:51,321 logging_system 24560 25324 Action logged: VIEW by anwarnawrozi2002@gmail.com
INFO 2024-10-28 21:55:51,324 basehttp 24560 25324 "GET /admin/jsi18n/ HTTP/1.1" 200 3342
INFO 2024-10-28 21:55:51,981 logging_system 24560 25324 Action logged: VIEW by anwarnawrozi2002@gmail.com
INFO 2024-10-28 21:55:51,996 basehttp 24560 25324 "GET /admin/booking/service/ HTTP/1.1" 200 15178
INFO 2024-10-28 21:55:52,045 logging_system 24560 25324 Action logged: VIEW by anwarnawrozi2002@gmail.com
INFO 2024-10-28 21:55:52,047 basehttp 24560 25324 "GET /admin/jsi18n/ HTTP/1.1" 200 3342
INFO 2024-10-28 21:55:53,711 logging_system 24560 25324 Action logged: VIEW by anwarnawrozi2002@gmail.com
INFO 2024-10-28 21:55:53,723 basehttp 24560 25324 "GET /admin/booking/customuser/ HTTP/1.1" 200 16175
INFO 2024-10-28 21:55:53,776 logging_system 24560 25324 Action logged: VIEW by anwarnawrozi2002@gmail.com
INFO 2024-10-28 21:55:53,779 basehttp 24560 25324 "GET /admin/jsi18n/ HTTP/1.1" 200 3342
INFO 2024-10-28 21:55:54,859 logging_system 24560 25324 Action logged: VIEW by anwarnawrozi2002@gmail.com
INFO 2024-10-28 21:55:54,923 basehttp 24560 25324 "GET /admin/booking/customuser/add/ HTTP/1.1" 200 26655
INFO 2024-10-28 21:55:54,968 logging_system 24560 25324 Action logged: VIEW by anwarnawrozi2002@gmail.com
INFO 2024-10-28 21:55:54,971 basehttp 24560 25324 "GET /admin/jsi18n/ HTTP/1.1" 200 3342
INFO 2024-10-28 21:56:20,584 logging_system 24560 20688 Action logged: VIEW by anwarnawrozi2002@gmail.com
INFO 2024-10-28 21:56:20,611 basehttp 24560 20688 "GET /admin/auth/group/add/ HTTP/1.1" 200 18433
INFO 2024-10-28 21:56:20,661 logging_system 24560 20688 Action logged: VIEW by anwarnawrozi2002@gmail.com
INFO 2024-10-28 21:56:20,663 basehttp 24560 20688 "GET /admin/jsi18n/ HTTP/1.1" 200 3342
INFO 2024-10-28 21:57:28,306 logging_system 24560 22336 Action logged: VIEW by anwarnawrozi2002@gmail.com
INFO 2024-10-28 21:57:28,324 basehttp 24560 22336 "POST /admin/auth/group/add/ HTTP/1.1" 302 0
INFO 2024-10-28 21:57:28,344 logging_system 24560 22336 Action logged: VIEW by anwarnawrozi2002@gmail.com
INFO 2024-10-28 21:57:28,354 basehttp 24560 22336 "GET /admin/auth/group/ HTTP/1.1" 200 13333
INFO 2024-10-28 21:57:28,412 logging_system 24560 22336 Action logged: VIEW by anwarnawrozi2002@gmail.com
INFO 2024-10-28 21:57:28,416 basehttp 24560 22336 "GET /admin/jsi18n/ HTTP/1.1" 200 3342
INFO 2024-10-28 21:57:33,988 logging_system 24560 25648 Action logged: VIEW by anwarnawrozi2002@gmail.com
INFO 2024-10-28 21:57:34,001 basehttp 24560 25648 "GET /admin/booking/customuser/ HTTP/1.1" 200 16175
INFO 2024-10-28 21:57:34,058 logging_system 24560 25648 Action logged: VIEW by anwarnawrozi2002@gmail.com
INFO 2024-10-28 21:57:34,061 basehttp 24560 25648 "GET /admin/jsi18n/ HTTP/1.1" 200 3342
INFO 2024-10-28 21:57:36,304 logging_system 24560 25648 Action logged: VIEW by anwarnawrozi2002@gmail.com
INFO 2024-10-28 21:57:36,360 basehttp 24560 25648 "GET /admin/booking/customuser/add/ HTTP/1.1" 200 26689
INFO 2024-10-28 21:57:36,407 logging_system 24560 25648 Action logged: VIEW by anwarnawrozi2002@gmail.com
INFO 2024-10-28 21:57:36,409 basehttp 24560 25648 "GET /admin/jsi18n/ HTTP/1.1" 200 3342
INFO 2024-10-28 21:58:46,935 logging_system 24560 16144 Action logged: VIEW by anwarnawrozi2002@gmail.com
INFO 2024-10-28 21:58:46,955 basehttp 24560 16144 "POST /admin/booking/customuser/add/ HTTP/1.1" 302 0
INFO 2024-10-28 21:58:46,970 logging_system 24560 16144 Action logged: VIEW by anwarnawrozi2002@gmail.com
INFO 2024-10-28 21:58:46,984 basehttp 24560 16144 "GET /admin/booking/customuser/ HTTP/1.1" 200 17001
INFO 2024-10-28 21:58:47,043 logging_system 24560 16144 Action logged: VIEW by anwarnawrozi2002@gmail.com
INFO 2024-10-28 21:58:47,048 basehttp 24560 16144 "GET /admin/jsi18n/ HTTP/1.1" 200 3342
INFO 2024-10-28 21:58:47,058 basehttp 24560 2808 "GET /static/admin/img/icon-no.svg HTTP/1.1" 200 560
INFO 2024-10-28 21:59:10,350 logging_system 24560 13468 Action logged: VIEW by anwarnawrozi2002@gmail.com
INFO 2024-10-28 21:59:10,362 basehttp 24560 13468 "GET /admin/booking/appointmentservice/ HTTP/1.1" 200 11633
INFO 2024-10-28 21:59:10,417 logging_system 24560 13468 Action logged: VIEW by anwarnawrozi2002@gmail.com
INFO 2024-10-28 21:59:10,420 basehttp 24560 13468 "GET /admin/jsi18n/ HTTP/1.1" 200 3342
INFO 2024-10-28 21:59:12,122 logging_system 24560 13468 Action logged: VIEW by anwarnawrozi2002@gmail.com
INFO 2024-10-28 21:59:12,130 basehttp 24560 13468 "GET /admin/booking/appointment/ HTTP/1.1" 200 13593
INFO 2024-10-28 21:59:12,179 logging_system 24560 13468 Action logged: VIEW by anwarnawrozi2002@gmail.com
INFO 2024-10-28 21:59:12,183 basehttp 24560 13468 "GET /admin/jsi18n/ HTTP/1.1" 200 3342
INFO 2024-10-28 21:59:13,805 logging_system 24560 13468 Action logged: VIEW by anwarnawrozi2002@gmail.com
INFO 2024-10-28 21:59:13,815 basehttp 24560 13468 "GET /admin/booking/appointmentservice/ HTTP/1.1" 200 11633
INFO 2024-10-28 21:59:13,872 logging_system 24560 13468 Action logged: VIEW by anwarnawrozi2002@gmail.com
INFO 2024-10-28 21:59:13,876 basehttp 24560 13468 "GET /admin/jsi18n/ HTTP/1.1" 200 3342
INFO 2024-10-28 21:59:14,481 logging_system 24560 13468 Action logged: VIEW by anwarnawrozi2002@gmail.com
INFO 2024-10-28 21:59:14,514 basehttp 24560 13468 "GET /admin/booking/appointmentservice/add/ HTTP/1.1" 200 19536
INFO 2024-10-28 21:59:14,573 logging_system 24560 13468 Action logged: VIEW by anwarnawrozi2002@gmail.com
INFO 2024-10-28 21:59:14,575 basehttp 24560 13468 "GET /admin/jsi18n/ HTTP/1.1" 200 3342
INFO 2024-10-28 21:59:20,550 logging_system 24560 8716 Action logged: VIEW by anwarnawrozi2002@gmail.com
INFO 2024-10-28 21:59:20,561 basehttp 24560 8716 "GET /admin/booking/appointment/ HTTP/1.1" 200 13593
INFO 2024-10-28 21:59:20,610 logging_system 24560 8716 Action logged: VIEW by anwarnawrozi2002@gmail.com
INFO 2024-10-28 21:59:20,612 basehttp 24560 8716 "GET /admin/jsi18n/ HTTP/1.1" 200 3342
INFO 2024-10-28 21:59:22,349 logging_system 24560 8716 Action logged: VIEW by anwarnawrozi2002@gmail.com
INFO 2024-10-28 21:59:22,399 basehttp 24560 8716 "GET /admin/booking/appointment/add/ HTTP/1.1" 200 29495
INFO 2024-10-28 21:59:22,445 logging_system 24560 8716 Action logged: VIEW by anwarnawrozi2002@gmail.com
INFO 2024-10-28 21:59:22,448 basehttp 24560 8716 "GET /admin/jsi18n/ HTTP/1.1" 200 3342
INFO 2024-10-28 21:59:22,485 basehttp 24560 23692 "GET /static/admin/js/inlines.js HTTP/1.1" 200 15526
INFO 2024-10-28 21:59:22,534 basehttp 24560 23692 "GET /static/admin/img/inline-delete.svg HTTP/1.1" 200 560
INFO 2024-10-28 22:00:14,123 logging_system 24560 12232 Action logged: VIEW by anwarnawrozi2002@gmail.com
ERROR 2024-10-28 22:00:14,276 log 24560 12232 Internal Server Error: /admin/booking/appointment/add/
Traceback (most recent call last):
  File "C:\Users\Anwar\OneDrive\Desktop\booking\Backend\env\Lib\site-packages\django\core\handlers\exception.py", line 55, in inner
    response = get_response(request)
               ^^^^^^^^^^^^^^^^^^^^^
  File "C:\Users\Anwar\OneDrive\Desktop\booking\Backend\env\Lib\site-packages\django\core\handlers\base.py", line 197, in _get_response
    response = wrapped_callback(request, *callback_args, **callback_kwargs)
               ^^^^^^^^^^^^^^^^^^^^^^^^^^^^^^^^^^^^^^^^^^^^^^^^^^^^^^^^^^^^
  File "C:\Users\Anwar\OneDrive\Desktop\booking\Backend\env\Lib\site-packages\django\contrib\admin\options.py", line 718, in wrapper
    return self.admin_site.admin_view(view)(*args, **kwargs)
           ^^^^^^^^^^^^^^^^^^^^^^^^^^^^^^^^^^^^^^^^^^^^^^^^^
  File "C:\Users\Anwar\OneDrive\Desktop\booking\Backend\env\Lib\site-packages\django\utils\decorators.py", line 188, in _view_wrapper
    result = _process_exception(request, e)
             ^^^^^^^^^^^^^^^^^^^^^^^^^^^^^^
  File "C:\Users\Anwar\OneDrive\Desktop\booking\Backend\env\Lib\site-packages\django\utils\decorators.py", line 186, in _view_wrapper
    response = view_func(request, *args, **kwargs)
               ^^^^^^^^^^^^^^^^^^^^^^^^^^^^^^^^^^^
  File "C:\Users\Anwar\OneDrive\Desktop\booking\Backend\env\Lib\site-packages\django\views\decorators\cache.py", line 80, in _view_wrapper
    response = view_func(request, *args, **kwargs)
               ^^^^^^^^^^^^^^^^^^^^^^^^^^^^^^^^^^^
  File "C:\Users\Anwar\OneDrive\Desktop\booking\Backend\env\Lib\site-packages\django\contrib\admin\sites.py", line 241, in inner
    return view(request, *args, **kwargs)
           ^^^^^^^^^^^^^^^^^^^^^^^^^^^^^^
  File "C:\Users\Anwar\OneDrive\Desktop\booking\Backend\env\Lib\site-packages\django\contrib\admin\options.py", line 1961, in add_view
    return self.changeform_view(request, None, form_url, extra_context)
           ^^^^^^^^^^^^^^^^^^^^^^^^^^^^^^^^^^^^^^^^^^^^^^^^^^^^^^^^^^^^
  File "C:\Users\Anwar\OneDrive\Desktop\booking\Backend\env\Lib\site-packages\django\utils\decorators.py", line 48, in _wrapper
    return bound_method(*args, **kwargs)
           ^^^^^^^^^^^^^^^^^^^^^^^^^^^^^
  File "C:\Users\Anwar\OneDrive\Desktop\booking\Backend\env\Lib\site-packages\django\utils\decorators.py", line 188, in _view_wrapper
    result = _process_exception(request, e)
             ^^^^^^^^^^^^^^^^^^^^^^^^^^^^^^
  File "C:\Users\Anwar\OneDrive\Desktop\booking\Backend\env\Lib\site-packages\django\utils\decorators.py", line 186, in _view_wrapper
    response = view_func(request, *args, **kwargs)
               ^^^^^^^^^^^^^^^^^^^^^^^^^^^^^^^^^^^
  File "C:\Users\Anwar\OneDrive\Desktop\booking\Backend\env\Lib\site-packages\django\contrib\admin\options.py", line 1820, in changeform_view
    return self._changeform_view(request, object_id, form_url, extra_context)
           ^^^^^^^^^^^^^^^^^^^^^^^^^^^^^^^^^^^^^^^^^^^^^^^^^^^^^^^^^^^^^^^^^^
  File "C:\Users\Anwar\OneDrive\Desktop\booking\Backend\env\Lib\site-packages\django\contrib\admin\options.py", line 1870, in _changeform_view
    if all_valid(formsets) and form_validated:
       ^^^^^^^^^^^^^^^^^^^
  File "C:\Users\Anwar\OneDrive\Desktop\booking\Backend\env\Lib\site-packages\django\forms\formsets.py", line 579, in all_valid
    return all([formset.is_valid() for formset in formsets])
                ^^^^^^^^^^^^^^^^^^
  File "C:\Users\Anwar\OneDrive\Desktop\booking\Backend\env\Lib\site-packages\django\forms\formsets.py", line 384, in is_valid
    self.errors
  File "C:\Users\Anwar\OneDrive\Desktop\booking\Backend\env\Lib\site-packages\django\forms\formsets.py", line 366, in errors
    self.full_clean()
  File "C:\Users\Anwar\OneDrive\Desktop\booking\Backend\env\Lib\site-packages\django\forms\formsets.py", line 429, in full_clean
    form_errors = form.errors
                  ^^^^^^^^^^^
  File "C:\Users\Anwar\OneDrive\Desktop\booking\Backend\env\Lib\site-packages\django\forms\forms.py", line 192, in errors
    self.full_clean()
  File "C:\Users\Anwar\OneDrive\Desktop\booking\Backend\env\Lib\site-packages\django\forms\forms.py", line 327, in full_clean
    self._post_clean()
  File "C:\Users\Anwar\OneDrive\Desktop\booking\Backend\env\Lib\site-packages\django\forms\models.py", line 498, in _post_clean
    self.instance.full_clean(exclude=exclude, validate_unique=False)
  File "C:\Users\Anwar\OneDrive\Desktop\booking\Backend\env\Lib\site-packages\django\db\models\base.py", line 1625, in full_clean
    self.clean()
  File "C:\Users\Anwar\OneDrive\Desktop\booking\Backend\clinic_booking\booking\models.py", line 146, in clean
    if self.start_time >= self.end_time:
       ^^^^^^^^^^^^^^^^^^^^^^^^^^^^^^^^
TypeError: '>=' not supported between instances of 'datetime.datetime' and 'NoneType'
ERROR 2024-10-28 22:00:14,298 logging_system 24560 12232 ERROR: Exception - HTTP 500
NoneType: None

ERROR 2024-10-28 22:00:15,508 basehttp 24560 12232 "POST /admin/booking/appointment/add/ HTTP/1.1" 500 167002
INFO 2024-10-28 22:00:27,329 logging_system 24560 25152 Action logged: VIEW by anwarnawrozi2002@gmail.com
INFO 2024-10-28 22:00:27,370 basehttp 24560 25152 "GET /admin/booking/appointment/add/ HTTP/1.1" 200 29495
INFO 2024-10-28 22:00:49,869 logging_system 24560 25220 Action logged: VIEW by anwarnawrozi2002@gmail.com
INFO 2024-10-28 22:00:49,909 basehttp 24560 25220 "POST /admin/booking/appointment/add/ HTTP/1.1" 200 29961
INFO 2024-10-28 22:00:49,962 logging_system 24560 25220 Action logged: VIEW by anwarnawrozi2002@gmail.com
INFO 2024-10-28 22:00:49,965 basehttp 24560 25220 "GET /admin/jsi18n/ HTTP/1.1" 200 3342
INFO 2024-10-28 22:01:01,373 logging_system 24560 25220 Action logged: VIEW by anwarnawrozi2002@gmail.com
INFO 2024-10-28 22:01:01,413 basehttp 24560 25220 "POST /admin/booking/appointment/add/ HTTP/1.1" 200 29895
INFO 2024-10-28 22:01:01,452 logging_system 24560 25220 Action logged: VIEW by anwarnawrozi2002@gmail.com
INFO 2024-10-28 22:01:01,455 basehttp 24560 25220 "GET /admin/jsi18n/ HTTP/1.1" 200 3342
INFO 2024-10-28 22:01:20,354 logging_system 24560 25220 Action logged: VIEW by anwarnawrozi2002@gmail.com
INFO 2024-10-28 22:01:20,392 basehttp 24560 25220 "POST /admin/booking/appointment/add/ HTTP/1.1" 200 29830
INFO 2024-10-28 22:01:20,438 logging_system 24560 25220 Action logged: VIEW by anwarnawrozi2002@gmail.com
INFO 2024-10-28 22:01:20,440 basehttp 24560 25220 "GET /admin/jsi18n/ HTTP/1.1" 200 3342
INFO 2024-10-28 22:01:34,521 logging_system 24560 25220 Action logged: VIEW by anwarnawrozi2002@gmail.com
ERROR 2024-10-28 22:01:34,574 log 24560 25220 Internal Server Error: /admin/booking/appointment/add/
Traceback (most recent call last):
  File "C:\Users\Anwar\OneDrive\Desktop\booking\Backend\env\Lib\site-packages\django\core\handlers\exception.py", line 55, in inner
    response = get_response(request)
               ^^^^^^^^^^^^^^^^^^^^^
  File "C:\Users\Anwar\OneDrive\Desktop\booking\Backend\env\Lib\site-packages\django\core\handlers\base.py", line 197, in _get_response
    response = wrapped_callback(request, *callback_args, **callback_kwargs)
               ^^^^^^^^^^^^^^^^^^^^^^^^^^^^^^^^^^^^^^^^^^^^^^^^^^^^^^^^^^^^
  File "C:\Users\Anwar\OneDrive\Desktop\booking\Backend\env\Lib\site-packages\django\contrib\admin\options.py", line 718, in wrapper
    return self.admin_site.admin_view(view)(*args, **kwargs)
           ^^^^^^^^^^^^^^^^^^^^^^^^^^^^^^^^^^^^^^^^^^^^^^^^^
  File "C:\Users\Anwar\OneDrive\Desktop\booking\Backend\env\Lib\site-packages\django\utils\decorators.py", line 188, in _view_wrapper
    result = _process_exception(request, e)
             ^^^^^^^^^^^^^^^^^^^^^^^^^^^^^^
  File "C:\Users\Anwar\OneDrive\Desktop\booking\Backend\env\Lib\site-packages\django\utils\decorators.py", line 186, in _view_wrapper
    response = view_func(request, *args, **kwargs)
               ^^^^^^^^^^^^^^^^^^^^^^^^^^^^^^^^^^^
  File "C:\Users\Anwar\OneDrive\Desktop\booking\Backend\env\Lib\site-packages\django\views\decorators\cache.py", line 80, in _view_wrapper
    response = view_func(request, *args, **kwargs)
               ^^^^^^^^^^^^^^^^^^^^^^^^^^^^^^^^^^^
  File "C:\Users\Anwar\OneDrive\Desktop\booking\Backend\env\Lib\site-packages\django\contrib\admin\sites.py", line 241, in inner
    return view(request, *args, **kwargs)
           ^^^^^^^^^^^^^^^^^^^^^^^^^^^^^^
  File "C:\Users\Anwar\OneDrive\Desktop\booking\Backend\env\Lib\site-packages\django\contrib\admin\options.py", line 1961, in add_view
    return self.changeform_view(request, None, form_url, extra_context)
           ^^^^^^^^^^^^^^^^^^^^^^^^^^^^^^^^^^^^^^^^^^^^^^^^^^^^^^^^^^^^
  File "C:\Users\Anwar\OneDrive\Desktop\booking\Backend\env\Lib\site-packages\django\utils\decorators.py", line 48, in _wrapper
    return bound_method(*args, **kwargs)
           ^^^^^^^^^^^^^^^^^^^^^^^^^^^^^
  File "C:\Users\Anwar\OneDrive\Desktop\booking\Backend\env\Lib\site-packages\django\utils\decorators.py", line 188, in _view_wrapper
    result = _process_exception(request, e)
             ^^^^^^^^^^^^^^^^^^^^^^^^^^^^^^
  File "C:\Users\Anwar\OneDrive\Desktop\booking\Backend\env\Lib\site-packages\django\utils\decorators.py", line 186, in _view_wrapper
    response = view_func(request, *args, **kwargs)
               ^^^^^^^^^^^^^^^^^^^^^^^^^^^^^^^^^^^
  File "C:\Users\Anwar\OneDrive\Desktop\booking\Backend\env\Lib\site-packages\django\contrib\admin\options.py", line 1820, in changeform_view
    return self._changeform_view(request, object_id, form_url, extra_context)
           ^^^^^^^^^^^^^^^^^^^^^^^^^^^^^^^^^^^^^^^^^^^^^^^^^^^^^^^^^^^^^^^^^^
  File "C:\Users\Anwar\OneDrive\Desktop\booking\Backend\env\Lib\site-packages\django\contrib\admin\options.py", line 1871, in _changeform_view
    self.save_model(request, new_object, form, not add)
  File "C:\Users\Anwar\OneDrive\Desktop\booking\Backend\env\Lib\site-packages\django\contrib\admin\options.py", line 1294, in save_model
    obj.save()
  File "C:\Users\Anwar\OneDrive\Desktop\booking\Backend\clinic_booking\booking\models.py", line 123, in save
    self.total_price = self.calculate_total_price()
                       ^^^^^^^^^^^^^^^^^^^^^^^^^^^^
  File "C:\Users\Anwar\OneDrive\Desktop\booking\Backend\clinic_booking\booking\models.py", line 120, in calculate_total_price
    return sum(service.price for service in self.services.all())
                                            ^^^^^^^^^^^^^^^^^^^
  File "C:\Users\Anwar\OneDrive\Desktop\booking\Backend\env\Lib\site-packages\django\db\models\manager.py", line 164, in all
    return self.get_queryset()
           ^^^^^^^^^^^^^^^^^^^
  File "C:\Users\Anwar\OneDrive\Desktop\booking\Backend\env\Lib\site-packages\django\db\models\fields\related_descriptors.py", line 757, in get_queryset
    raise ValueError(
ValueError: 'Appointment' instance needs to have a primary key value before this relationship can be used.
ERROR 2024-10-28 22:01:34,591 logging_system 24560 25220 ERROR: Exception - HTTP 500
NoneType: None

ERROR 2024-10-28 22:01:35,759 basehttp 24560 25220 "POST /admin/booking/appointment/add/ HTTP/1.1" 500 152704
INFO 2024-10-28 22:03:05,859 logging_system 24560 16540 Action logged: VIEW by anwarnawrozi2002@gmail.com
INFO 2024-10-28 22:03:05,914 basehttp 24560 16540 "POST /admin/booking/appointment/add/ HTTP/1.1" 200 29830
INFO 2024-10-28 22:03:06,007 logging_system 24560 16540 Action logged: VIEW by anwarnawrozi2002@gmail.com
INFO 2024-10-28 22:03:06,009 basehttp 24560 16540 "GET /admin/jsi18n/ HTTP/1.1" 200 3342
INFO 2024-10-28 22:03:09,742 logging_system 24560 16540 Action logged: VIEW by anwarnawrozi2002@gmail.com
INFO 2024-10-28 22:03:09,778 basehttp 24560 16540 "POST /admin/booking/appointment/add/ HTTP/1.1" 200 29830
INFO 2024-10-28 22:03:09,839 logging_system 24560 16540 Action logged: VIEW by anwarnawrozi2002@gmail.com
INFO 2024-10-28 22:03:09,842 basehttp 24560 16540 "GET /admin/jsi18n/ HTTP/1.1" 200 3342
